#
# A fatal error has been detected by the Java Runtime Environment:
#
#  Internal Error (vmThread.cpp:658), pid=603, tid=0x0000000000005203
#  fatal error: Nested VM operation CollectForMetadataAllocation requested by operation ChangeBreakpoints
#
# JRE version: Java(TM) SE Runtime Environment (8.0_171-b11) (build 1.8.0_171-b11)
# Java VM: Java HotSpot(TM) 64-Bit Server VM (25.171-b11 mixed mode bsd-amd64 compressed oops)
# Failed to write core dump. Core dumps have been disabled. To enable core dumping, try "ulimit -c unlimited" before starting Java again
#
# If you would like to submit a bug report, please visit:
#   http://bugreport.java.com/bugreport/crash.jsp
#

---------------  T H R E A D  ---------------

Current thread (0x00007fd26e857800):  VMThread [stack: 0x0000700005521000,0x0000700005621000] [id=20995]

Stack: [0x0000700005521000,0x0000700005621000],  sp=0x0000700005620310,  free space=1020k
Native frames: (J=compiled Java code, j=interpreted, Vv=VM code, C=native code)
V  [libjvm.dylib+0x5b491e]  VMError::report_and_die()+0x3f8
V  [libjvm.dylib+0x1e85c9]  report_vm_error(char const*, int, char const*, char const*)+0x54
V  [libjvm.dylib+0x5bb4aa]  VMThread::execute(VM_Operation*)+0x1ae
V  [libjvm.dylib+0x1a0c78]  CollectorPolicy::satisfy_failed_metadata_allocation(ClassLoaderData*, unsigned long, Metaspace::MetadataType)+0x8c
V  [libjvm.dylib+0x44ae94]  Metaspace::allocate(ClassLoaderData*, unsigned long, bool, MetaspaceObj::Type, Thread*)+0x166
V  [libjvm.dylib+0x454fe6]  MethodCounters::allocate(ClassLoaderData*, Thread*)+0x26
V  [libjvm.dylib+0x451cc9]  Method::build_method_counters(Method*, Thread*)+0x63
V  [libjvm.dylib+0x4539fd]  Method::get_method_counters(Thread*)+0x21
V  [libjvm.dylib+0x453a5a]  Method::incr_number_of_breakpoints(Thread*)+0x14
V  [libjvm.dylib+0x451ec1]  BreakpointInfo::set(Method*)+0x3d
V  [libjvm.dylib+0x39b802]  JvmtiBreakpoint::each_method_version_do(void (Method::*)(int))+0xa2
V  [libjvm.dylib+0x5bc59d]  VM_Operation::evaluate()+0x4f
V  [libjvm.dylib+0x5bab35]  VMThread::evaluate_operation(VM_Operation*)+0xdf
V  [libjvm.dylib+0x5baf82]  VMThread::loop()+0x328
V  [libjvm.dylib+0x5ba8a1]  VMThread::run()+0x79
V  [libjvm.dylib+0x48d4a6]  java_start(Thread*)+0xf6
C  [libsystem_pthread.dylib+0x3661]  _pthread_body+0x154
C  [libsystem_pthread.dylib+0x350d]  _pthread_body+0x0
C  [libsystem_pthread.dylib+0x2bf9]  thread_start+0xd

VM_Operation (0x0000700005a2c900): ChangeBreakpoints, mode: safepoint, requested by thread 0x00007fd26e02e800


---------------  P R O C E S S  ---------------

Java Threads: ( => current thread )
  0x00007fd26f43d800 JavaThread "container-0" [_thread_blocked, id=40707, stack(0x0000700006e6c000,0x0000700006f6c000)]
  0x00007fd26f34f000 JavaThread "ContainerBackgroundProcessor[StandardEngine[Tomcat]]" daemon [_thread_blocked, id=24079, stack(0x0000700006d69000,0x0000700006e69000)]
  0x00007fd26d9a5800 JavaThread "localhost-startStop-1" daemon [_thread_blocked, id=23555, stack(0x0000700006c66000,0x0000700006d66000)]
  0x00007fd26efe3800 JavaThread "Tomcat-startStop-1" daemon [_thread_blocked, id=23307, stack(0x0000700006b63000,0x0000700006c63000)]
  0x00007fd26f356000 JavaThread "RMI TCP Connection(10)-127.0.0.1" daemon [_thread_in_native, id=41759, stack(0x0000700006a60000,0x0000700006b60000)]
  0x00007fd26f652800 JavaThread "RMI TCP Connection(9)-127.0.0.1" daemon [_thread_in_native, id=42527, stack(0x000070000695d000,0x0000700006a5d000)]
  0x00007fd26f730800 JavaThread "RMI TCP Connection(7)-127.0.0.1" daemon [_thread_in_native, id=3607, stack(0x0000700006757000,0x0000700006857000)]
  0x00007fd26e2b5000 JavaThread "RMI TCP Connection(3)-127.0.0.1" daemon [_thread_in_native, id=23055, stack(0x000070000685a000,0x000070000695a000)]
  0x00007fd26da0c800 JavaThread "RMI Scheduler(0)" daemon [_thread_blocked, id=22531, stack(0x0000700006654000,0x0000700006754000)]
  0x00007fd26d9f0000 JavaThread "RMI TCP Connection(5)-127.0.0.1" daemon [_thread_in_native, id=22275, stack(0x0000700006551000,0x0000700006651000)]
  0x00007fd26e25e800 JavaThread "RMI TCP Connection(1)-127.0.0.1" daemon [_thread_in_native, id=22019, stack(0x000070000644e000,0x000070000654e000)]
  0x00007fd26f32e000 JavaThread "RMI TCP Accept-0" daemon [_thread_in_native, id=15875, stack(0x0000700006248000,0x0000700006348000)]
  0x00007fd26e208000 JavaThread "RMI TCP Accept-49553" daemon [_thread_in_native, id=16387, stack(0x0000700006145000,0x0000700006245000)]
  0x00007fd26e224000 JavaThread "RMI TCP Accept-0" daemon [_thread_in_native, id=15107, stack(0x0000700006042000,0x0000700006142000)]
  0x00007fd26e1fc800 JavaThread "Service Thread" daemon [_thread_blocked, id=14851, stack(0x0000700005f3f000,0x000070000603f000)]
  0x00007fd26ebce800 JavaThread "C1 CompilerThread2" daemon [_thread_blocked, id=16899, stack(0x0000700005e3c000,0x0000700005f3c000)]
  0x00007fd26ebcd800 JavaThread "C2 CompilerThread1" daemon [_thread_blocked, id=14339, stack(0x0000700005d39000,0x0000700005e39000)]
  0x00007fd26e1fc000 JavaThread "C2 CompilerThread0" daemon [_thread_blocked, id=17667, stack(0x0000700005c36000,0x0000700005d36000)]
  0x00007fd26e009000 JavaThread "JDWP Command Reader" daemon [_thread_in_native, id=18179, stack(0x0000700005b33000,0x0000700005c33000)]
  0x00007fd26e02f000 JavaThread "JDWP Event Helper Thread" daemon [_thread_blocked, id=18435, stack(0x0000700005a30000,0x0000700005b30000)]
  0x00007fd26e02e800 JavaThread "JDWP Transport Listener: dt_socket" daemon [_thread_blocked, id=18695, stack(0x000070000592d000,0x0000700005a2d000)]
  0x00007fd26d808800 JavaThread "Signal Dispatcher" daemon [_thread_blocked, id=13319, stack(0x000070000582a000,0x000070000592a000)]
  0x00007fd26f018800 JavaThread "Finalizer" daemon [_thread_blocked, id=11779, stack(0x0000700005727000,0x0000700005827000)]
  0x00007fd26e85a000 JavaThread "Reference Handler" daemon [_thread_blocked, id=20739, stack(0x0000700005624000,0x0000700005724000)]
  0x00007fd26e808000 JavaThread "main" [_thread_blocked, id=9987, stack(0x0000700005012000,0x0000700005112000)]

Other Threads:
=>0x00007fd26e857800 VMThread [stack: 0x0000700005521000,0x0000700005621000] [id=20995]
  0x00007fd26ed0b800 WatcherThread [stack: 0x000070000634b000,0x000070000644b000] [id=21763]

VM state:at safepoint (normal execution)

VM Mutex/Monitor currently owned by a thread:  ([mutex/lock_event])
[0x00007fd26d503290] Threads_lock - owner thread: 0x00007fd26e857800

Heap:
 PSYoungGen      total 217600K, used 27257K [0x0000000795580000, 0x00000007a7e00000, 0x00000007c0000000)
  eden space 203776K, 6% used [0x0000000795580000,0x00000007962a1c98,0x00000007a1c80000)
  from space 13824K, 99% used [0x00000007a1c80000,0x00000007a29fc780,0x00000007a2a00000)
  to   space 16896K, 0% used [0x00000007a6d80000,0x00000007a6d80000,0x00000007a7e00000)
 ParOldGen       total 55296K, used 15006K [0x0000000740000000, 0x0000000743600000, 0x0000000795580000)
  object space 55296K, 27% used [0x0000000740000000,0x0000000740ea7be8,0x0000000743600000)
 Metaspace       used 34005K, capacity 35412K, committed 35496K, reserved 1079296K
  class space    used 4521K, capacity 4824K, committed 4864K, reserved 1048576K

Card table byte_map: [0x000000010656e000,0x000000010696f000] byte_map_base: 0x0000000102b6e000

Marking Bits: (ParMarkBitMap*) 0x0000000105af76e0
 Begin Bits: [0x0000000116c4a000, 0x0000000118c4a000)
 End Bits:   [0x0000000118c4a000, 0x000000011ac4a000)

Polling page: 0x0000000104906000

CodeCache: size=245760Kb used=8131Kb max_used=8131Kb free=237628Kb
 bounds [0x0000000107c4a000, 0x000000010844a000, 0x0000000116c4a000]
 total_blobs=4099 nmethods=3687 adapters=333
 compilation: enabled

Compilation events (10 events):
Event: 14.799 Thread 0x00007fd26ebce800 3725       1       java.beans.GenericBeanInfo::getMethodDescriptors (5 bytes)
Event: 14.799 Thread 0x00007fd26ebce800 nmethod 3725 0x000000010843a810 code [0x000000010843a960, 0x000000010843aa70]
Event: 14.800 Thread 0x00007fd26ebce800 3727       1       java.io.DataInputStream::readLong (128 bytes)
Event: 14.800 Thread 0x00007fd26ebce800 nmethod 3727 0x000000010843aad0 code [0x000000010843ac40, 0x000000010843af28]
Event: 14.801 Thread 0x00007fd26ebce800 3726       1       java.beans.GenericBeanInfo::getEventSetDescriptors (5 bytes)
Event: 14.802 Thread 0x00007fd26ebce800 nmethod 3726 0x000000010843b0d0 code [0x000000010843b220, 0x000000010843b330]
Event: 14.802 Thread 0x00007fd26ebce800 3728       1       java.beans.GenericBeanInfo::getDefaultEventIndex (5 bytes)
Event: 14.802 Thread 0x00007fd26ebce800 nmethod 3728 0x000000010843b390 code [0x000000010843b4e0, 0x000000010843b5f0]
Event: 14.803 Thread 0x00007fd26ebce800 3729       1       java.beans.GenericBeanInfo::getDefaultPropertyIndex (5 bytes)
Event: 14.803 Thread 0x00007fd26ebce800 nmethod 3729 0x000000010843b650 code [0x000000010843b7a0, 0x000000010843b8b0]

GC Heap History (10 events):
Event: 4.891 GC heap before
{Heap before GC invocations=6 (full 0):
 PSYoungGen      total 71680K, used 26775K [0x0000000795580000, 0x000000079e780000, 0x00000007c0000000)
  eden space 66560K, 32% used [0x0000000795580000,0x0000000796aa84b0,0x0000000799680000)
  from space 5120K, 99% used [0x0000000799680000,0x0000000799b7d8c0,0x0000000799b80000)
  to   space 8192K, 0% used [0x000000079df80000,0x000000079df80000,0x000000079e780000)
 ParOldGen       total 87552K, used 3317K [0x0000000740000000, 0x0000000745580000, 0x0000000795580000)
  object space 87552K, 3% used [0x0000000740000000,0x000000074033d660,0x0000000745580000)
 Metaspace       used 20655K, capacity 21242K, committed 21296K, reserved 1067008K
  class space    used 2746K, capacity 2913K, committed 2944K, reserved 1048576K
Event: 4.904 GC heap after
Heap after GC invocations=6 (full 0):
 PSYoungGen      total 140800K, used 6589K [0x0000000795580000, 0x000000079e880000, 0x00000007c0000000)
  eden space 132608K, 0% used [0x0000000795580000,0x0000000795580000,0x000000079d700000)
  from space 8192K, 80% used [0x000000079df80000,0x000000079e5ef458,0x000000079e780000)
  to   space 8704K, 0% used [0x000000079d700000,0x000000079d700000,0x000000079df80000)
 ParOldGen       total 87552K, used 3325K [0x0000000740000000, 0x0000000745580000, 0x0000000795580000)
  object space 87552K, 3% used [0x0000000740000000,0x000000074033f660,0x0000000745580000)
 Metaspace       used 20655K, capacity 21242K, committed 21296K, reserved 1067008K
  class space    used 2746K, capacity 2913K, committed 2944K, reserved 1048576K
}
Event: 4.904 GC heap before
{Heap before GC invocations=7 (full 1):
 PSYoungGen      total 140800K, used 6589K [0x0000000795580000, 0x000000079e880000, 0x00000007c0000000)
  eden space 132608K, 0% used [0x0000000795580000,0x0000000795580000,0x000000079d700000)
  from space 8192K, 80% used [0x000000079df80000,0x000000079e5ef458,0x000000079e780000)
  to   space 8704K, 0% used [0x000000079d700000,0x000000079d700000,0x000000079df80000)
 ParOldGen       total 87552K, used 3325K [0x0000000740000000, 0x0000000745580000, 0x0000000795580000)
  object space 87552K, 3% used [0x0000000740000000,0x000000074033f660,0x0000000745580000)
 Metaspace       used 20655K, capacity 21242K, committed 21296K, reserved 1067008K
  class space    used 2746K, capacity 2913K, committed 2944K, reserved 1048576K
Event: 4.981 GC heap after
Heap after GC invocations=7 (full 1):
 PSYoungGen      total 140800K, used 0K [0x0000000795580000, 0x000000079e880000, 0x00000007c0000000)
  eden space 132608K, 0% used [0x0000000795580000,0x0000000795580000,0x000000079d700000)
  from space 8192K, 0% used [0x000000079df80000,0x000000079df80000,0x000000079e780000)
  to   space 8704K, 0% used [0x000000079d700000,0x000000079d700000,0x000000079df80000)
 ParOldGen       total 55296K, used 6902K [0x0000000740000000, 0x0000000743600000, 0x0000000795580000)
  object space 55296K, 12% used [0x0000000740000000,0x00000007406bdb00,0x0000000743600000)
 Metaspace       used 20655K, capacity 21242K, committed 21296K, reserved 1067008K
  class space    used 2746K, capacity 2913K, committed 2944K, reserved 1048576K
}
Event: 7.649 GC heap before
{Heap before GC invocations=8 (full 1):
 PSYoungGen      total 140800K, used 132608K [0x0000000795580000, 0x000000079e880000, 0x00000007c0000000)
  eden space 132608K, 100% used [0x0000000795580000,0x000000079d700000,0x000000079d700000)
  from space 8192K, 0% used [0x000000079df80000,0x000000079df80000,0x000000079e780000)
  to   space 8704K, 0% used [0x000000079d700000,0x000000079d700000,0x000000079df80000)
 ParOldGen       total 55296K, used 6902K [0x0000000740000000, 0x0000000743600000, 0x0000000795580000)
  object space 55296K, 12% used [0x0000000740000000,0x00000007406bdb00,0x0000000743600000)
 Metaspace       used 26190K, capacity 27030K, committed 27264K, reserved 1073152K
  class space    used 3451K, capacity 3663K, committed 3712K, reserved 1048576K
Event: 7.673 GC heap after
Heap after GC invocations=8 (full 1):
 PSYoungGen      total 141312K, used 8695K [0x0000000795580000, 0x00000007a3780000, 0x00000007c0000000)
  eden space 132608K, 0% used [0x0000000795580000,0x0000000795580000,0x000000079d700000)
  from space 8704K, 99% used [0x000000079d700000,0x000000079df7def8,0x000000079df80000)
  to   space 11264K, 0% used [0x00000007a2c80000,0x00000007a2c80000,0x00000007a3780000)
 ParOldGen       total 55296K, used 9771K [0x0000000740000000, 0x0000000743600000, 0x0000000795580000)
  object space 55296K, 17% used [0x0000000740000000,0x000000074098afd0,0x0000000743600000)
 Metaspace       used 26190K, capacity 27030K, committed 27264K, reserved 1073152K
  class space    used 3451K, capacity 3663K, committed 3712K, reserved 1048576K
}
Event: 10.539 GC heap before
{Heap before GC invocations=9 (full 1):
 PSYoungGen      total 141312K, used 141303K [0x0000000795580000, 0x00000007a3780000, 0x00000007c0000000)
  eden space 132608K, 100% used [0x0000000795580000,0x000000079d700000,0x000000079d700000)
  from space 8704K, 99% used [0x000000079d700000,0x000000079df7def8,0x000000079df80000)
  to   space 11264K, 0% used [0x00000007a2c80000,0x00000007a2c80000,0x00000007a3780000)
 ParOldGen       total 55296K, used 9771K [0x0000000740000000, 0x0000000743600000, 0x0000000795580000)
  object space 55296K, 17% used [0x0000000740000000,0x000000074098afd0,0x0000000743600000)
 Metaspace       used 30005K, capacity 31046K, committed 31104K, reserved 1077248K
  class space    used 3980K, capacity 4211K, committed 4224K, reserved 1048576K
Event: 10.566 GC heap after
Heap after GC invocations=9 (full 1):
 PSYoungGen      total 215040K, used 11237K [0x0000000795580000, 0x00000007a3780000, 0x00000007c0000000)
  eden space 203776K, 0% used [0x0000000795580000,0x0000000795580000,0x00000007a1c80000)
  from space 11264K, 99% used [0x00000007a2c80000,0x00000007a37795c8,0x00000007a3780000)
  to   space 13824K, 0% used [0x00000007a1c80000,0x00000007a1c80000,0x00000007a2a00000)
 ParOldGen       total 55296K, used 11849K [0x0000000740000000, 0x0000000743600000, 0x0000000795580000)
  object space 55296K, 21% used [0x0000000740000000,0x0000000740b92428,0x0000000743600000)
 Metaspace       used 30005K, capacity 31046K, committed 31104K, reserved 1077248K
  class space    used 3980K, capacity 4211K, committed 4224K, reserved 1048576K
}
Event: 14.634 GC heap before
{Heap before GC invocations=10 (full 1):
 PSYoungGen      total 215040K, used 215013K [0x0000000795580000, 0x00000007a3780000, 0x00000007c0000000)
  eden space 203776K, 100% used [0x0000000795580000,0x00000007a1c80000,0x00000007a1c80000)
  from space 11264K, 99% used [0x00000007a2c80000,0x00000007a37795c8,0x00000007a3780000)
  to   space 13824K, 0% used [0x00000007a1c80000,0x00000007a1c80000,0x00000007a2a00000)
 ParOldGen       total 55296K, used 11849K [0x0000000740000000, 0x0000000743600000, 0x0000000795580000)
  object space 55296K, 21% used [0x0000000740000000,0x0000000740b92428,0x0000000743600000)
 Metaspace       used 33937K, capacity 35412K, committed 35496K, reserved 1079296K
  class space    used 4512K, capacity 4824K, committed 4864K, reserved 1048576K
Event: 14.713 GC heap after
Heap after GC invocations=10 (full 1):
 PSYoungGen      total 217600K, used 13809K [0x0000000795580000, 0x00000007a7e00000, 0x00000007c0000000)
  eden space 203776K, 0% used [0x0000000795580000,0x0000000795580000,0x00000007a1c80000)
  from space 13824K, 99% used [0x00000007a1c80000,0x00000007a29fc780,0x00000007a2a00000)
  to   space 16896K, 0% used [0x00000007a6d80000,0x00000007a6d80000,0x00000007a7e00000)
 ParOldGen       total 55296K, used 15006K [0x0000000740000000, 0x0000000743600000, 0x0000000795580000)
  object space 55296K, 27% used [0x0000000740000000,0x0000000740ea7be8,0x0000000743600000)
 Metaspace       used 33937K, capacity 35412K, committed 35496K, reserved 1079296K
  class space    used 4512K, capacity 4824K, committed 4864K, reserved 1048576K
}

Deoptimization events (0 events):
No events

Classes redefined (0 events):
No events

Internal exceptions (10 events):
Event: 14.792 Thread 0x00007fd26e808000 Exception <a 'java/lang/ClassNotFoundException': com/jacky/strive/api/controller/CommonControllerCustomizer> (0x0000000795e33c00) thrown at [/Users/java_re/workspace/8-2-build-macosx-x86_64/jdk8u171/10807/hotspot/src/share/vm/classfile/systemDictionary.cp
Event: 14.792 Thread 0x00007fd26e808000 Exception <a 'java/lang/ArrayIndexOutOfBoundsException'> (0x0000000795e356d8) thrown at [/Users/java_re/workspace/8-2-build-macosx-x86_64/jdk8u171/10807/hotspot/src/share/vm/runtime/sharedRuntime.cpp, line 605]
Event: 14.792 Thread 0x00007fd26e808000 Exception <a 'java/lang/ArrayIndexOutOfBoundsException'> (0x0000000795e369d8) thrown at [/Users/java_re/workspace/8-2-build-macosx-x86_64/jdk8u171/10807/hotspot/src/share/vm/runtime/sharedRuntime.cpp, line 605]
Event: 14.792 Thread 0x00007fd26e808000 Exception <a 'java/lang/ArrayIndexOutOfBoundsException'> (0x0000000795e38468) thrown at [/Users/java_re/workspace/8-2-build-macosx-x86_64/jdk8u171/10807/hotspot/src/share/vm/runtime/sharedRuntime.cpp, line 605]
Event: 14.792 Thread 0x00007fd26e808000 Exception <a 'java/lang/ArrayIndexOutOfBoundsException'> (0x0000000795e39600) thrown at [/Users/java_re/workspace/8-2-build-macosx-x86_64/jdk8u171/10807/hotspot/src/share/vm/runtime/sharedRuntime.cpp, line 605]
Event: 14.792 Thread 0x00007fd26e808000 Exception <a 'java/lang/ArrayIndexOutOfBoundsException'> (0x0000000795e3b2d0) thrown at [/Users/java_re/workspace/8-2-build-macosx-x86_64/jdk8u171/10807/hotspot/src/share/vm/runtime/sharedRuntime.cpp, line 605]
Event: 14.797 Thread 0x00007fd26e808000 Exception <a 'java/lang/ClassNotFoundException': java/lang/ObjectCustomizer> (0x0000000795e82f40) thrown at [/Users/java_re/workspace/8-2-build-macosx-x86_64/jdk8u171/10807/hotspot/src/share/vm/classfile/systemDictionary.cpp, line 210]
Event: 14.799 Thread 0x00007fd26e808000 Exception <a 'java/lang/ClassNotFoundException': com/jacky/strive/api/controller/HomeControllerCustomizer> (0x0000000795ebd3a0) thrown at [/Users/java_re/workspace/8-2-build-macosx-x86_64/jdk8u171/10807/hotspot/src/share/vm/classfile/systemDictionary.cpp,
Event: 14.801 Thread 0x00007fd26e808000 NullPointerException at vtable entry 0x0000000107d4c877
Event: 14.801 Thread 0x00007fd26e808000 Exception <a 'java/lang/NullPointerException'> (0x0000000795ec4078) thrown at [/Users/java_re/workspace/8-2-build-macosx-x86_64/jdk8u171/10807/hotspot/src/share/vm/runtime/sharedRuntime.cpp, line 605]

Events (10 events):
Event: 14.804 Thread 0x00007fd26e808000 DEOPT PACKING pc=0x0000000107e90b51 sp=0x000070000510f2f0
Event: 14.804 Thread 0x00007fd26e808000 DEOPT UNPACKING pc=0x0000000107c91784 sp=0x000070000510f060 mode 1
Event: 14.804 Thread 0x00007fd26e808000 DEOPT PACKING pc=0x0000000107e1a1c4 sp=0x000070000510f370
Event: 14.804 Thread 0x00007fd26e808000 DEOPT UNPACKING pc=0x0000000107c91784 sp=0x000070000510f1b0 mode 1
Event: 14.804 Thread 0x00007fd26e808000 DEOPT PACKING pc=0x0000000107e1a10c sp=0x000070000510f500
Event: 14.804 Thread 0x00007fd26e808000 DEOPT UNPACKING pc=0x0000000107c91784 sp=0x000070000510f340 mode 1
Event: 14.805 Executing VM operation: RevokeBias
Event: 14.805 Executing VM operation: RevokeBias done
Event: 14.805 Thread 0x00007fd26f43e800 Thread exited: 0x00007fd26f43e800
Event: 14.816 Executing VM operation: ChangeBreakpoints


Dynamic libraries:
0x0000000023007000 	/System/Library/Frameworks/Cocoa.framework/Versions/A/Cocoa
0x0000000023007000 	/System/Library/Frameworks/Security.framework/Versions/A/Security
0x0000000023007000 	/System/Library/Frameworks/ApplicationServices.framework/Versions/A/ApplicationServices
0x0000000023007000 	/usr/lib/libz.1.dylib
0x0000000023007000 	/usr/lib/libSystem.B.dylib
0x0000000023007000 	/usr/lib/libobjc.A.dylib
0x0000000023007000 	/System/Library/Frameworks/CoreFoundation.framework/Versions/A/CoreFoundation
0x0000000023007000 	/System/Library/Frameworks/Foundation.framework/Versions/C/Foundation
0x0000000023007000 	/System/Library/Frameworks/AppKit.framework/Versions/C/AppKit
0x0000000023007000 	/System/Library/Frameworks/CoreData.framework/Versions/A/CoreData
0x0000000023007000 	/System/Library/PrivateFrameworks/RemoteViewServices.framework/Versions/A/RemoteViewServices
0x0000000023007000 	/System/Library/PrivateFrameworks/UIFoundation.framework/Versions/A/UIFoundation
0x0000000023007000 	/System/Library/PrivateFrameworks/DFRFoundation.framework/Versions/A/DFRFoundation
0x0000000023007000 	/System/Library/Frameworks/Metal.framework/Versions/A/Metal
0x0000000023007000 	/System/Library/PrivateFrameworks/DesktopServicesPriv.framework/Versions/A/DesktopServicesPriv
0x0000000023007000 	/usr/lib/libenergytrace.dylib
0x0000000023007000 	/System/Library/PrivateFrameworks/SkyLight.framework/Versions/A/SkyLight
0x0000000023007000 	/System/Library/Frameworks/CoreGraphics.framework/Versions/A/CoreGraphics
0x0000000023007000 	/usr/lib/libScreenReader.dylib
0x0000000023007000 	/System/Library/Frameworks/Accelerate.framework/Versions/A/Accelerate
0x0000000023007000 	/System/Library/Frameworks/IOSurface.framework/Versions/A/IOSurface
0x0000000023007000 	/System/Library/Frameworks/AudioToolbox.framework/Versions/A/AudioToolbox
0x0000000023007000 	/System/Library/Frameworks/AudioUnit.framework/Versions/A/AudioUnit
0x0000000023007000 	/System/Library/PrivateFrameworks/DataDetectorsCore.framework/Versions/A/DataDetectorsCore
0x0000000023007000 	/System/Library/Frameworks/Carbon.framework/Versions/A/Frameworks/HIToolbox.framework/Versions/A/HIToolbox
0x0000000023007000 	/usr/lib/libicucore.A.dylib
0x0000000023007000 	/System/Library/Frameworks/QuartzCore.framework/Versions/A/QuartzCore
0x0000000023007000 	/System/Library/PrivateFrameworks/SignpostNotification.framework/Versions/A/SignpostNotification
0x0000000023007000 	/System/Library/Frameworks/Carbon.framework/Versions/A/Frameworks/SpeechRecognition.framework/Versions/A/SpeechRecognition
0x0000000023007000 	/usr/lib/libauto.dylib
0x0000000023007000 	/usr/lib/libxml2.2.dylib
0x0000000023007000 	/System/Library/PrivateFrameworks/CoreUI.framework/Versions/A/CoreUI
0x0000000023007000 	/System/Library/Frameworks/CoreAudio.framework/Versions/A/CoreAudio
0x0000000023007000 	/System/Library/Frameworks/DiskArbitration.framework/Versions/A/DiskArbitration
0x0000000023007000 	/usr/lib/liblangid.dylib
0x0000000023007000 	/System/Library/PrivateFrameworks/MultitouchSupport.framework/Versions/A/MultitouchSupport
0x0000000023007000 	/System/Library/Frameworks/IOKit.framework/Versions/A/IOKit
0x0000000023007000 	/usr/lib/libDiagnosticMessagesClient.dylib
0x0000000023007000 	/System/Library/Frameworks/CoreServices.framework/Versions/A/CoreServices
0x0000000023007000 	/System/Library/PrivateFrameworks/PerformanceAnalysis.framework/Versions/A/PerformanceAnalysis
0x0000000023007000 	/System/Library/Frameworks/OpenGL.framework/Versions/A/OpenGL
0x0000000023007000 	/System/Library/Frameworks/ColorSync.framework/Versions/A/ColorSync
0x0000000023007000 	/System/Library/Frameworks/CoreImage.framework/Versions/A/CoreImage
0x0000000023007000 	/System/Library/Frameworks/CoreText.framework/Versions/A/CoreText
0x0000000023007000 	/System/Library/Frameworks/ImageIO.framework/Versions/A/ImageIO
0x0000000023007000 	/System/Library/PrivateFrameworks/Backup.framework/Versions/A/Backup
0x0000000023007000 	/usr/lib/libarchive.2.dylib
0x0000000023007000 	/System/Library/Frameworks/CFNetwork.framework/Versions/A/CFNetwork
0x0000000023007000 	/System/Library/Frameworks/SystemConfiguration.framework/Versions/A/SystemConfiguration
0x0000000023007000 	/usr/lib/libCRFSuite.dylib
0x0000000023007000 	/usr/lib/libc++.1.dylib
0x0000000023007000 	/usr/lib/libc++abi.dylib
0x0000000023007000 	/usr/lib/system/libcache.dylib
0x0000000023007000 	/usr/lib/system/libcommonCrypto.dylib
0x0000000023007000 	/usr/lib/system/libcompiler_rt.dylib
0x0000000023007000 	/usr/lib/system/libcopyfile.dylib
0x0000000023007000 	/usr/lib/system/libcorecrypto.dylib
0x0000000023007000 	/usr/lib/system/libdispatch.dylib
0x0000000023007000 	/usr/lib/system/libdyld.dylib
0x0000000023007000 	/usr/lib/system/libkeymgr.dylib
0x0000000023007000 	/usr/lib/system/liblaunch.dylib
0x0000000023007000 	/usr/lib/system/libmacho.dylib
0x0000000023007000 	/usr/lib/system/libquarantine.dylib
0x0000000023007000 	/usr/lib/system/libremovefile.dylib
0x0000000023007000 	/usr/lib/system/libsystem_asl.dylib
0x0000000023007000 	/usr/lib/system/libsystem_blocks.dylib
0x0000000023007000 	/usr/lib/system/libsystem_c.dylib
0x0000000023007000 	/usr/lib/system/libsystem_configuration.dylib
0x0000000023007000 	/usr/lib/system/libsystem_coreservices.dylib
0x0000000023007000 	/usr/lib/system/libsystem_darwin.dylib
0x0000000023007000 	/usr/lib/system/libsystem_dnssd.dylib
0x0000000023007000 	/usr/lib/system/libsystem_info.dylib
0x0000000023007000 	/usr/lib/system/libsystem_m.dylib
0x0000000023007000 	/usr/lib/system/libsystem_malloc.dylib
0x0000000023007000 	/usr/lib/system/libsystem_network.dylib
0x0000000023007000 	/usr/lib/system/libsystem_networkextension.dylib
0x0000000023007000 	/usr/lib/system/libsystem_notify.dylib
0x0000000023007000 	/usr/lib/system/libsystem_sandbox.dylib
0x0000000023007000 	/usr/lib/system/libsystem_secinit.dylib
0x0000000023007000 	/usr/lib/system/libsystem_kernel.dylib
0x0000000023007000 	/usr/lib/system/libsystem_platform.dylib
0x0000000023007000 	/usr/lib/system/libsystem_pthread.dylib
0x0000000023007000 	/usr/lib/system/libsystem_symptoms.dylib
0x0000000023007000 	/usr/lib/system/libsystem_trace.dylib
0x0000000023007000 	/usr/lib/system/libunwind.dylib
0x0000000023007000 	/usr/lib/system/libxpc.dylib
0x0000000023007000 	/usr/lib/closure/libclosured.dylib
0x0000000023007000 	/usr/lib/libbsm.0.dylib
0x0000000023007000 	/usr/lib/system/libkxld.dylib
0x0000000023007000 	/usr/lib/libOpenScriptingUtil.dylib
0x0000000023007000 	/usr/lib/libcoretls.dylib
0x0000000023007000 	/usr/lib/libcoretls_cfhelpers.dylib
0x0000000023007000 	/usr/lib/libpam.2.dylib
0x0000000023007000 	/usr/lib/libsqlite3.dylib
0x0000000023007000 	/usr/lib/libxar.1.dylib
0x0000000023007000 	/usr/lib/libbz2.1.0.dylib
0x0000000023007000 	/usr/lib/liblzma.5.dylib
0x0000000023007000 	/usr/lib/libnetwork.dylib
0x0000000023007000 	/usr/lib/libapple_nghttp2.dylib
0x0000000023007000 	/usr/lib/libpcap.A.dylib
0x0000000023007000 	/usr/lib/libboringssl.dylib
0x0000000023007000 	/usr/lib/libusrtcp.dylib
0x0000000023007000 	/usr/lib/libapple_crypto.dylib
0x0000000023007000 	/System/Library/Frameworks/CoreServices.framework/Versions/A/Frameworks/FSEvents.framework/Versions/A/FSEvents
0x0000000023007000 	/System/Library/Frameworks/CoreServices.framework/Versions/A/Frameworks/CarbonCore.framework/Versions/A/CarbonCore
0x0000000023007000 	/System/Library/Frameworks/CoreServices.framework/Versions/A/Frameworks/Metadata.framework/Versions/A/Metadata
0x0000000023007000 	/System/Library/Frameworks/CoreServices.framework/Versions/A/Frameworks/OSServices.framework/Versions/A/OSServices
0x0000000023007000 	/System/Library/Frameworks/CoreServices.framework/Versions/A/Frameworks/SearchKit.framework/Versions/A/SearchKit
0x0000000023007000 	/System/Library/Frameworks/CoreServices.framework/Versions/A/Frameworks/AE.framework/Versions/A/AE
0x0000000023007000 	/System/Library/Frameworks/CoreServices.framework/Versions/A/Frameworks/LaunchServices.framework/Versions/A/LaunchServices
0x0000000023007000 	/System/Library/Frameworks/CoreServices.framework/Versions/A/Frameworks/DictionaryServices.framework/Versions/A/DictionaryServices
0x0000000023007000 	/System/Library/Frameworks/CoreServices.framework/Versions/A/Frameworks/SharedFileList.framework/Versions/A/SharedFileList
0x0000000023007000 	/System/Library/Frameworks/NetFS.framework/Versions/A/NetFS
0x0000000023007000 	/System/Library/PrivateFrameworks/NetAuth.framework/Versions/A/NetAuth
0x0000000023007000 	/System/Library/PrivateFrameworks/login.framework/Versions/A/Frameworks/loginsupport.framework/Versions/A/loginsupport
0x0000000023007000 	/System/Library/PrivateFrameworks/TCC.framework/Versions/A/TCC
0x0000000023007000 	/usr/lib/libmecabra.dylib
0x0000000023007000 	/System/Library/Frameworks/ApplicationServices.framework/Versions/A/Frameworks/ATS.framework/Versions/A/ATS
0x0000000023007000 	/System/Library/Frameworks/ApplicationServices.framework/Versions/A/Frameworks/ColorSyncLegacy.framework/Versions/A/ColorSyncLegacy
0x0000000023007000 	/System/Library/Frameworks/ApplicationServices.framework/Versions/A/Frameworks/HIServices.framework/Versions/A/HIServices
0x0000000023007000 	/System/Library/Frameworks/ApplicationServices.framework/Versions/A/Frameworks/LangAnalysis.framework/Versions/A/LangAnalysis
0x0000000023007000 	/System/Library/Frameworks/ApplicationServices.framework/Versions/A/Frameworks/PrintCore.framework/Versions/A/PrintCore
0x0000000023007000 	/System/Library/Frameworks/ApplicationServices.framework/Versions/A/Frameworks/QD.framework/Versions/A/QD
0x0000000023007000 	/System/Library/Frameworks/ApplicationServices.framework/Versions/A/Frameworks/SpeechSynthesis.framework/Versions/A/SpeechSynthesis
0x0000000023007000 	/System/Library/Frameworks/CoreDisplay.framework/Versions/A/CoreDisplay
0x0000000023007000 	/System/Library/Frameworks/Accelerate.framework/Versions/A/Frameworks/vImage.framework/Versions/A/vImage
0x0000000023007000 	/System/Library/Frameworks/Accelerate.framework/Versions/A/Frameworks/vecLib.framework/Versions/A/vecLib
0x0000000023007000 	/System/Library/Frameworks/Accelerate.framework/Versions/A/Frameworks/vecLib.framework/Versions/A/libvDSP.dylib
0x0000000023007000 	/System/Library/Frameworks/Accelerate.framework/Versions/A/Frameworks/vecLib.framework/Versions/A/libBNNS.dylib
0x0000000023007000 	/System/Library/Frameworks/Accelerate.framework/Versions/A/Frameworks/vecLib.framework/Versions/A/libQuadrature.dylib
0x0000000023007000 	/System/Library/Frameworks/Accelerate.framework/Versions/A/Frameworks/vecLib.framework/Versions/A/libvMisc.dylib
0x0000000023007000 	/System/Library/Frameworks/Accelerate.framework/Versions/A/Frameworks/vecLib.framework/Versions/A/libLAPACK.dylib
0x0000000023007000 	/System/Library/Frameworks/Accelerate.framework/Versions/A/Frameworks/vecLib.framework/Versions/A/libBLAS.dylib
0x0000000023007000 	/System/Library/Frameworks/Accelerate.framework/Versions/A/Frameworks/vecLib.framework/Versions/A/libLinearAlgebra.dylib
0x0000000023007000 	/System/Library/Frameworks/Accelerate.framework/Versions/A/Frameworks/vecLib.framework/Versions/A/libSparse.dylib
0x0000000023007000 	/System/Library/Frameworks/Accelerate.framework/Versions/A/Frameworks/vecLib.framework/Versions/A/libSparseBLAS.dylib
0x0000000023007000 	/System/Library/PrivateFrameworks/GPUWrangler.framework/Versions/A/GPUWrangler
0x0000000023007000 	/System/Library/PrivateFrameworks/IOAccelerator.framework/Versions/A/IOAccelerator
0x0000000023007000 	/System/Library/PrivateFrameworks/IOPresentment.framework/Versions/A/IOPresentment
0x0000000023007000 	/System/Library/PrivateFrameworks/DSExternalDisplay.framework/Versions/A/DSExternalDisplay
0x0000000023007000 	/System/Library/Frameworks/OpenGL.framework/Versions/A/Libraries/libCoreFSCache.dylib
0x0000000023007000 	/System/Library/Frameworks/CoreVideo.framework/Versions/A/CoreVideo
0x0000000023007000 	/System/Library/PrivateFrameworks/GraphVisualizer.framework/Versions/A/GraphVisualizer
0x0000000023007000 	/System/Library/Frameworks/MetalPerformanceShaders.framework/Versions/A/MetalPerformanceShaders
0x0000000023007000 	/usr/lib/libFosl_dynamic.dylib
0x0000000023007000 	/System/Library/PrivateFrameworks/FaceCore.framework/Versions/A/FaceCore
0x0000000023007000 	/System/Library/Frameworks/OpenCL.framework/Versions/A/OpenCL
0x0000000023007000 	/usr/lib/libcompression.dylib
0x0000000023007000 	/System/Library/Frameworks/ApplicationServices.framework/Versions/A/Frameworks/ATS.framework/Versions/A/Resources/libFontParser.dylib
0x0000000023007000 	/System/Library/Frameworks/ApplicationServices.framework/Versions/A/Frameworks/ATS.framework/Versions/A/Resources/libFontRegistry.dylib
0x0000000023007000 	/System/Library/Frameworks/ImageIO.framework/Versions/A/Resources/libJPEG.dylib
0x0000000023007000 	/System/Library/Frameworks/ImageIO.framework/Versions/A/Resources/libTIFF.dylib
0x0000000023007000 	/System/Library/Frameworks/ImageIO.framework/Versions/A/Resources/libPng.dylib
0x0000000023007000 	/System/Library/Frameworks/ImageIO.framework/Versions/A/Resources/libGIF.dylib
0x0000000023007000 	/System/Library/Frameworks/ImageIO.framework/Versions/A/Resources/libJP2.dylib
0x0000000023007000 	/System/Library/Frameworks/ImageIO.framework/Versions/A/Resources/libRadiance.dylib
0x0000000023007000 	/System/Library/PrivateFrameworks/AppleJPEG.framework/Versions/A/AppleJPEG
0x0000000023007000 	/System/Library/Frameworks/MetalPerformanceShaders.framework/Frameworks/MPSCore.framework/Versions/A/MPSCore
0x0000000023007000 	/System/Library/Frameworks/MetalPerformanceShaders.framework/Frameworks/MPSImage.framework/Versions/A/MPSImage
0x0000000023007000 	/System/Library/Frameworks/MetalPerformanceShaders.framework/Frameworks/MPSNeuralNetwork.framework/Versions/A/MPSNeuralNetwork
0x0000000023007000 	/System/Library/Frameworks/MetalPerformanceShaders.framework/Frameworks/MPSMatrix.framework/Versions/A/MPSMatrix
0x0000000023007000 	/System/Library/PrivateFrameworks/MetalTools.framework/Versions/A/MetalTools
0x0000000023007000 	/System/Library/Frameworks/OpenGL.framework/Versions/A/Libraries/libGLU.dylib
0x0000000023007000 	/System/Library/Frameworks/OpenGL.framework/Versions/A/Libraries/libGFXShared.dylib
0x0000000023007000 	/System/Library/Frameworks/OpenGL.framework/Versions/A/Libraries/libGL.dylib
0x0000000023007000 	/System/Library/Frameworks/OpenGL.framework/Versions/A/Libraries/libGLImage.dylib
0x0000000023007000 	/System/Library/Frameworks/OpenGL.framework/Versions/A/Libraries/libCVMSPluginSupport.dylib
0x0000000023007000 	/System/Library/Frameworks/OpenGL.framework/Versions/A/Libraries/libCoreVMClient.dylib
0x0000000023007000 	/usr/lib/libcups.2.dylib
0x0000000023007000 	/System/Library/Frameworks/Kerberos.framework/Versions/A/Kerberos
0x0000000023007000 	/System/Library/Frameworks/GSS.framework/Versions/A/GSS
0x0000000023007000 	/usr/lib/libresolv.9.dylib
0x0000000023007000 	/usr/lib/libiconv.2.dylib
0x0000000023007000 	/System/Library/PrivateFrameworks/Heimdal.framework/Versions/A/Heimdal
0x0000000023007000 	/usr/lib/libheimdal-asn1.dylib
0x0000000023007000 	/System/Library/Frameworks/OpenDirectory.framework/Versions/A/OpenDirectory
0x0000000023007000 	/System/Library/PrivateFrameworks/CommonAuth.framework/Versions/A/CommonAuth
0x0000000023007000 	/System/Library/Frameworks/OpenDirectory.framework/Versions/A/Frameworks/CFOpenDirectory.framework/Versions/A/CFOpenDirectory
0x0000000023007000 	/System/Library/Frameworks/SecurityFoundation.framework/Versions/A/SecurityFoundation
0x0000000023007000 	/System/Library/PrivateFrameworks/APFS.framework/Versions/A/APFS
0x0000000023007000 	/usr/lib/libutil.dylib
0x0000000023007000 	/System/Library/PrivateFrameworks/AppleSauce.framework/Versions/A/AppleSauce
0x0000000023007000 	/System/Library/PrivateFrameworks/LinguisticData.framework/Versions/A/LinguisticData
0x0000000023007000 	/usr/lib/libmarisa.dylib
0x0000000023007000 	/System/Library/PrivateFrameworks/Lexicon.framework/Versions/A/Lexicon
0x0000000023007000 	/usr/lib/libChineseTokenizer.dylib
0x0000000023007000 	/usr/lib/libcmph.dylib
0x0000000023007000 	/System/Library/PrivateFrameworks/LanguageModeling.framework/Versions/A/LanguageModeling
0x0000000023007000 	/System/Library/PrivateFrameworks/CoreEmoji.framework/Versions/A/CoreEmoji
0x0000000023007000 	/System/Library/Frameworks/ServiceManagement.framework/Versions/A/ServiceManagement
0x0000000023007000 	/System/Library/PrivateFrameworks/BackgroundTaskManagement.framework/Versions/A/BackgroundTaskManagement
0x0000000023007000 	/usr/lib/libxslt.1.dylib
0x0000000023007000 	/System/Library/Frameworks/Carbon.framework/Versions/A/Frameworks/Ink.framework/Versions/A/Ink
0x0000000023007000 	/System/Library/PrivateFrameworks/TextureIO.framework/Versions/A/TextureIO
0x0000000023007000 	/usr/lib/libate.dylib
0x0000000023007000 	/System/Library/PrivateFrameworks/CrashReporterSupport.framework/Versions/A/CrashReporterSupport
0x0000000023007000 	/System/Library/PrivateFrameworks/Sharing.framework/Versions/A/Sharing
0x0000000023007000 	/System/Library/PrivateFrameworks/IconServices.framework/Versions/A/IconServices
0x0000000023007000 	/System/Library/PrivateFrameworks/AuthKit.framework/Versions/A/AuthKit
0x0000000023007000 	/System/Library/PrivateFrameworks/Apple80211.framework/Versions/A/Apple80211
0x0000000023007000 	/System/Library/PrivateFrameworks/CoreUtils.framework/Versions/A/CoreUtils
0x0000000023007000 	/System/Library/Frameworks/CoreWLAN.framework/Versions/A/CoreWLAN
0x0000000023007000 	/System/Library/Frameworks/IOBluetooth.framework/Versions/A/IOBluetooth
0x0000000023007000 	/System/Library/PrivateFrameworks/ProtocolBuffer.framework/Versions/A/ProtocolBuffer
0x0000000023007000 	/System/Library/PrivateFrameworks/MobileKeyBag.framework/Versions/A/MobileKeyBag
0x0000000023007000 	/System/Library/PrivateFrameworks/CorePhoneNumbers.framework/Versions/A/CorePhoneNumbers
0x0000000023007000 	/System/Library/PrivateFrameworks/AppleIDAuthSupport.framework/Versions/A/AppleIDAuthSupport
0x0000000023007000 	/System/Library/PrivateFrameworks/KeychainCircle.framework/Versions/A/KeychainCircle
0x0000000023007000 	/System/Library/PrivateFrameworks/CoreWiFi.framework/Versions/A/CoreWiFi
0x0000000023007000 	/System/Library/Frameworks/CoreBluetooth.framework/Versions/A/CoreBluetooth
0x0000000023007000 	/System/Library/PrivateFrameworks/DebugSymbols.framework/Versions/A/DebugSymbols
0x0000000023007000 	/System/Library/PrivateFrameworks/CoreSymbolication.framework/Versions/A/CoreSymbolication
0x0000000023007000 	/System/Library/PrivateFrameworks/Symbolication.framework/Versions/A/Symbolication
0x0000000023007000 	/System/Library/PrivateFrameworks/AppleFSCompression.framework/Versions/A/AppleFSCompression
0x0000000023007000 	/System/Library/PrivateFrameworks/SpeechRecognitionCore.framework/Versions/A/SpeechRecognitionCore
0x0000000023007000 	/System/Library/CoreServices/Encodings/libSimplifiedChineseConverter.dylib
0x0000000105200000 	/Library/Java/JavaVirtualMachines/jdk1.8.0_171.jdk/Contents/Home/jre/lib/server/libjvm.dylib
0x0000000023007000 	/usr/lib/libstdc++.6.0.9.dylib
0x00000001048c2000 	/Library/Java/JavaVirtualMachines/jdk1.8.0_171.jdk/Contents/Home/jre/lib/libverify.dylib
0x00000001048d0000 	/Library/Java/JavaVirtualMachines/jdk1.8.0_171.jdk/Contents/Home/jre/lib/libjava.dylib
0x0000000104907000 	/Library/Java/JavaVirtualMachines/jdk1.8.0_171.jdk/Contents/Home/jre/lib/libjdwp.dylib
0x0000000104952000 	/Library/Java/JavaVirtualMachines/jdk1.8.0_171.jdk/Contents/Home/jre/lib/libnpt.dylib
0x0000000104956000 	/Library/Java/JavaVirtualMachines/jdk1.8.0_171.jdk/Contents/Home/jre/lib/libinstrument.dylib
0x00000001049f4000 	/Library/Java/JavaVirtualMachines/jdk1.8.0_171.jdk/Contents/Home/jre/lib/libzip.dylib
0x000000011d554000 	/Library/Java/JavaVirtualMachines/jdk1.8.0_171.jdk/Contents/Home/jre/lib/libdt_socket.dylib
0x000000011de29000 	/Library/Java/JavaVirtualMachines/jdk1.8.0_171.jdk/Contents/Home/jre/lib/libmanagement.dylib
0x000000011de37000 	/Library/Java/JavaVirtualMachines/jdk1.8.0_171.jdk/Contents/Home/jre/lib/libnet.dylib
0x000000011de96000 	/Library/Java/JavaVirtualMachines/jdk1.8.0_171.jdk/Contents/Home/jre/lib/libnio.dylib

VM Arguments:
jvm_args: -agentlib:jdwp=transport=dt_socket,address=127.0.0.1:49554,suspend=y,server=n -XX:TieredStopAtLevel=1 -Xverify:none -Dspring.output.ansi.enabled=always -Dcom.sun.management.jmxremote -Dcom.sun.management.jmxremote.port=49553 -Dcom.sun.management.jmxremote.authenticate=false -Dcom.sun.management.jmxremote.ssl=false -Djava.rmi.server.hostname=127.0.0.1 -Dspring.liveBeansView.mbeanDomain -Dspring.application.admin.enabled=true -javaagent:/Users/huangchao/Library/Caches/IntelliJIdea2018.1/captureAgent/debugger-agent.jar=file:/private/var/folders/f6/cbjj7zmn5393vhzf_t852tt40000gn/T/capture.props -Dfile.encoding=UTF-8 
java_command: com.jacky.strive.api.ApiApplication
java_class_path (initial): /Library/Java/JavaVirtualMachines/jdk1.8.0_171.jdk/Contents/Home/jre/lib/charsets.jar:/Library/Java/JavaVirtualMachines/jdk1.8.0_171.jdk/Contents/Home/jre/lib/deploy.jar:/Library/Java/JavaVirtualMachines/jdk1.8.0_171.jdk/Contents/Home/jre/lib/ext/cldrdata.jar:/Library/Java/JavaVirtualMachines/jdk1.8.0_171.jdk/Contents/Home/jre/lib/ext/dnsns.jar:/Library/Java/JavaVirtualMachines/jdk1.8.0_171.jdk/Contents/Home/jre/lib/ext/jaccess.jar:/Library/Java/JavaVirtualMachines/jdk1.8.0_171.jdk/Contents/Home/jre/lib/ext/jfxrt.jar:/Library/Java/JavaVirtualMachines/jdk1.8.0_171.jdk/Contents/Home/jre/lib/ext/localedata.jar:/Library/Java/JavaVirtualMachines/jdk1.8.0_171.jdk/Contents/Home/jre/lib/ext/nashorn.jar:/Library/Java/JavaVirtualMachines/jdk1.8.0_171.jdk/Contents/Home/jre/lib/ext/sunec.jar:/Library/Java/JavaVirtualMachines/jdk1.8.0_171.jdk/Contents/Home/jre/lib/ext/sunjce_provider.jar:/Library/Java/JavaVirtualMachines/jdk1.8.0_171.jdk/Contents/Home/jre/lib/ext/sunpkcs11.jar:/Library/Java/JavaVirtualMachines/jdk1.8.0_171.jdk/Contents/Home/jre/lib/ext/zipfs.jar:/Library/Java/JavaVirtualMachines/jdk1.8.0_171.jdk/Contents/Home/jre/lib/javaws.jar:/Library/Java/JavaVirtualMachines/jdk1.8.0_171.jdk/Contents/Home/jre/lib/jce.jar:/Library/Java/JavaVirtualMachines/jdk1.8.0_171.jdk/Contents/Home/jre/lib/jfr.jar:/Library/Java/JavaVirtualMachines/jdk1.8.0_171.jdk/Contents/Home/jre/lib/jfxswt.jar:/Library/Java/JavaVirtualMachines/jdk1.8.0_171.jdk/Contents/Home/jre/lib/jsse.jar:/Library/Java/JavaVirtualMachines/jdk1.8.0_171.jdk/Contents/Home/jre/lib/management-agent.jar:/Library/Java/JavaVirtualMachines/jdk1.8.0_171.jdk/Contents/Home/jre/lib/plugin.jar:/Library/Java/JavaVirtualMachines/jdk1.8.0_171.jdk/Contents/Home/jre/lib/resources.jar:/Library/Java/JavaVirtualMachines/jdk1.8.0_171.jdk/Contents/Home/jre/lib/rt.jar:/Library/Java/JavaVirtualMachines/jdk1.8.0_171.jdk/Contents/Home/lib/ant-javafx.jar:/Library/Java/JavaVirtualMachines/jdk1.8.0_171.jdk/Contents/Home
Launcher Type: SUN_STANDARD

Environment Variables:
JAVA_HOME=/Library/Java/JavaVirtualMachines/jdk1.8.0_171.jdk/Contents/Home
CLASSPATH=/Library/Java/JavaVirtualMachines/jdk1.8.0_171.jdk/Contents/Home/lib/tools.jar:/Library/Java/JavaVirtualMachines/jdk1.8.0_171.jdk/Contents/Home/lib/dt.jar:.
PATH=/Library/Java/JavaVirtualMachines/jdk1.8.0_171.jdk/Contents/Home/bin:/Library/apache-maven-3.5.4/bin:/usr/local/bin:/usr/bin:/bin:/usr/sbin:/sbin:.
SHELL=/bin/bash

Signal Handlers:
SIGSEGV: [libjvm.dylib+0x5b512d], sa_mask[0]=11111111011111110111111111111111, sa_flags=SA_ONSTACK|SA_RESTART|SA_SIGINFO
SIGBUS: [libjvm.dylib+0x5b512d], sa_mask[0]=11111111011111110111111111111111, sa_flags=SA_RESTART|SA_SIGINFO
SIGFPE: [libjvm.dylib+0x48aa90], sa_mask[0]=11111111011111110111111111111111, sa_flags=SA_RESTART|SA_SIGINFO
SIGPIPE: [libjvm.dylib+0x48aa90], sa_mask[0]=11111111011111110111111111111111, sa_flags=SA_RESTART|SA_SIGINFO
SIGXFSZ: [libjvm.dylib+0x48aa90], sa_mask[0]=11111111011111110111111111111111, sa_flags=SA_RESTART|SA_SIGINFO
SIGILL: [libjvm.dylib+0x48aa90], sa_mask[0]=11111111011111110111111111111111, sa_flags=SA_RESTART|SA_SIGINFO
SIGUSR1: SIG_DFL, sa_mask[0]=00000000000000000000000000000000, sa_flags=none
SIGUSR2: [libjvm.dylib+0x48a5ae], sa_mask[0]=00100000000000000000000000000000, sa_flags=SA_RESTART|SA_SIGINFO
SIGHUP: [libjvm.dylib+0x488b79], sa_mask[0]=11111111011111110111111111111111, sa_flags=SA_RESTART|SA_SIGINFO
SIGINT: [libjvm.dylib+0x488b79], sa_mask[0]=11111111011111110111111111111111, sa_flags=SA_RESTART|SA_SIGINFO
SIGTERM: [libjvm.dylib+0x488b79], sa_mask[0]=11111111011111110111111111111111, sa_flags=SA_RESTART|SA_SIGINFO
SIGQUIT: [libjvm.dylib+0x488b79], sa_mask[0]=11111111011111110111111111111111, sa_flags=SA_RESTART|SA_SIGINFO


---------------  S Y S T E M  ---------------

OS:Bsduname:Darwin 17.7.0 Darwin Kernel Version 17.7.0: Thu Jun 21 22:53:14 PDT 2018; root:xnu-4570.71.2~1/RELEASE_X86_64 x86_64
rlimit: STACK 8192k, CORE 0k, NPROC 709, NOFILE 10240, AS infinity
load average:7.38 8.51 6.49

CPU:total 4 (initial active 4) (2 cores per cpu, 2 threads per core) family 6 model 61 stepping 4, cmov, cx8, fxsr, mmx, sse, sse2, sse3, ssse3, sse4.1, sse4.2, popcnt, avx, avx2, aes, clmul, erms, rtm, 3dnowpref, lzcnt, ht, tsc, tscinvbit, bmi1, bmi2, adx

Memory: 4k page, physical 8388608k(43920k free)

/proc/meminfo:


vm_info: Java HotSpot(TM) 64-Bit Server VM (25.171-b11) for bsd-amd64 JRE (1.8.0_171-b11), built on Mar 28 2018 12:50:57 by "java_re" with gcc 4.2.1 (Based on Apple Inc. build 5658) (LLVM build 2336.11.00)

time: Sun Jul 29 10:13:11 2018
elapsed time: 14 seconds (0d 0h 0m 14s)

