13:02:21.951 [main] INFO  c.j.strive.oauth2.Oauth2Application - Starting Oauth2Application on huangchaodeMacBook-Air.local with PID 2795 (/Users/huangchao/IdeaProjects/strive/strive-oauth2/target/classes started by huangchao in /Users/huangchao/IdeaProjects/strive) 
13:02:21.962 [main] INFO  c.j.strive.oauth2.Oauth2Application - No active profile set, falling back to default profiles: default 
13:02:22.171 [main] INFO  o.s.b.w.s.c.AnnotationConfigServletWebServerApplicationContext - Refreshing org.springframework.boot.web.servlet.context.AnnotationConfigServletWebServerApplicationContext@1bb564e2: startup date [Sat Jul 28 13:02:22 CST 2018]; root of context hierarchy 
13:02:23.537 [main] INFO  o.s.b.f.s.DefaultListableBeanFactory - Overriding bean definition for bean 'customUserService' with a different definition: replacing [Generic bean: class [com.jacky.strive.oauth2.config.CustomUserService]; scope=singleton; abstract=false; lazyInit=false; autowireMode=0; dependencyCheck=0; autowireCandidate=true; primary=false; factoryBeanName=null; factoryMethodName=null; initMethodName=null; destroyMethodName=null; defined in file [/Users/huangchao/IdeaProjects/strive/strive-oauth2/target/classes/com/jacky/strive/oauth2/config/CustomUserService.class]] with [Root bean: class [null]; scope=; abstract=false; lazyInit=false; autowireMode=3; dependencyCheck=0; autowireCandidate=true; primary=false; factoryBeanName=ssoAuthenticationProvider; factoryMethodName=customUserService; initMethodName=null; destroyMethodName=(inferred); defined in class path resource [com/jacky/strive/oauth2/config/SsoAuthenticationProvider.class]] 
13:02:23.826 [main] WARN  t.m.s.mapper.ClassPathMapperScanner - No MyBatis mapper was found in '[com.jacky.strive.oauth2]' package. Please check your configuration. 
13:02:23.838 [main] WARN  o.m.s.mapper.ClassPathMapperScanner - No MyBatis mapper was found in '[com.jacky.strive.oauth2]' package. Please check your configuration. 
13:02:23.945 [main] INFO  o.s.d.r.c.RepositoryConfigurationDelegate - Multiple Spring Data modules found, entering strict repository configuration mode! 
13:02:24.889 [main] INFO  o.s.c.s.PostProcessorRegistrationDelegate$BeanPostProcessorChecker - Bean 'org.springframework.transaction.annotation.ProxyTransactionManagementConfiguration' of type [org.springframework.transaction.annotation.ProxyTransactionManagementConfiguration$$EnhancerBySpringCGLIB$$8bc3c558] is not eligible for getting processed by all BeanPostProcessors (for example: not eligible for auto-proxying) 
13:02:25.499 [main] INFO  o.s.b.w.e.tomcat.TomcatWebServer - Tomcat initialized with port(s): 8088 (http) 
13:02:25.544 [main] INFO  o.a.catalina.core.StandardService - Starting service [Tomcat] 
13:02:25.544 [main] INFO  o.a.catalina.core.StandardEngine - Starting Servlet Engine: Apache Tomcat/8.5.29 
13:02:25.550 [localhost-startStop-1] INFO  o.a.c.core.AprLifecycleListener - The APR based Apache Tomcat Native library which allows optimal performance in production environments was not found on the java.library.path: [/Users/huangchao/Library/Java/Extensions:/Library/Java/Extensions:/Network/Library/Java/Extensions:/System/Library/Java/Extensions:/usr/lib/java:.] 
13:02:25.694 [localhost-startStop-1] INFO  o.a.c.c.C.[.[localhost].[/admin] - Initializing Spring embedded WebApplicationContext 
13:02:25.694 [localhost-startStop-1] INFO  o.s.web.context.ContextLoader - Root WebApplicationContext: initialization completed in 3523 ms 
13:02:25.927 [localhost-startStop-1] INFO  o.s.b.w.s.FilterRegistrationBean - Mapping filter: 'characterEncodingFilter' to: [/*] 
13:02:25.928 [localhost-startStop-1] INFO  o.s.b.w.s.FilterRegistrationBean - Mapping filter: 'hiddenHttpMethodFilter' to: [/*] 
13:02:25.928 [localhost-startStop-1] INFO  o.s.b.w.s.FilterRegistrationBean - Mapping filter: 'httpPutFormContentFilter' to: [/*] 
13:02:25.928 [localhost-startStop-1] INFO  o.s.b.w.s.FilterRegistrationBean - Mapping filter: 'requestContextFilter' to: [/*] 
13:02:25.929 [localhost-startStop-1] INFO  o.s.b.w.s.DelegatingFilterProxyRegistrationBean - Mapping filter: 'springSecurityFilterChain' to: [/*] 
13:02:25.929 [localhost-startStop-1] INFO  o.s.b.w.s.FilterRegistrationBean - Mapping filter: 'corsFilter' to: [/*] 
13:02:25.930 [localhost-startStop-1] INFO  o.s.b.w.s.ServletRegistrationBean - Servlet dispatcherServlet mapped to [/] 
13:02:27.414 [main] INFO  o.s.s.o.p.e.FrameworkEndpointHandlerMapping - Mapped "{[/oauth/authorize]}" onto public org.springframework.web.servlet.ModelAndView org.springframework.security.oauth2.provider.endpoint.AuthorizationEndpoint.authorize(java.util.Map<java.lang.String, java.lang.Object>,java.util.Map<java.lang.String, java.lang.String>,org.springframework.web.bind.support.SessionStatus,java.security.Principal) 
13:02:27.415 [main] INFO  o.s.s.o.p.e.FrameworkEndpointHandlerMapping - Mapped "{[/oauth/authorize],methods=[POST],params=[user_oauth_approval]}" onto public org.springframework.web.servlet.View org.springframework.security.oauth2.provider.endpoint.AuthorizationEndpoint.approveOrDeny(java.util.Map<java.lang.String, java.lang.String>,java.util.Map<java.lang.String, ?>,org.springframework.web.bind.support.SessionStatus,java.security.Principal) 
13:02:27.416 [main] INFO  o.s.s.o.p.e.FrameworkEndpointHandlerMapping - Mapped "{[/oauth/token],methods=[GET]}" onto public org.springframework.http.ResponseEntity<org.springframework.security.oauth2.common.OAuth2AccessToken> org.springframework.security.oauth2.provider.endpoint.TokenEndpoint.getAccessToken(java.security.Principal,java.util.Map<java.lang.String, java.lang.String>) throws org.springframework.web.HttpRequestMethodNotSupportedException 
13:02:27.416 [main] INFO  o.s.s.o.p.e.FrameworkEndpointHandlerMapping - Mapped "{[/oauth/token],methods=[POST]}" onto public org.springframework.http.ResponseEntity<org.springframework.security.oauth2.common.OAuth2AccessToken> org.springframework.security.oauth2.provider.endpoint.TokenEndpoint.postAccessToken(java.security.Principal,java.util.Map<java.lang.String, java.lang.String>) throws org.springframework.web.HttpRequestMethodNotSupportedException 
13:02:27.417 [main] INFO  o.s.s.o.p.e.FrameworkEndpointHandlerMapping - Mapped "{[/oauth/check_token]}" onto public java.util.Map<java.lang.String, ?> org.springframework.security.oauth2.provider.endpoint.CheckTokenEndpoint.checkToken(java.lang.String) 
13:02:27.418 [main] INFO  o.s.s.o.p.e.FrameworkEndpointHandlerMapping - Mapped "{[/oauth/confirm_access]}" onto public org.springframework.web.servlet.ModelAndView org.springframework.security.oauth2.provider.endpoint.WhitelabelApprovalEndpoint.getAccessConfirmation(java.util.Map<java.lang.String, java.lang.Object>,javax.servlet.http.HttpServletRequest) throws java.lang.Exception 
13:02:27.418 [main] INFO  o.s.s.o.p.e.FrameworkEndpointHandlerMapping - Mapped "{[/oauth/error]}" onto public org.springframework.web.servlet.ModelAndView org.springframework.security.oauth2.provider.endpoint.WhitelabelErrorEndpoint.handleError(javax.servlet.http.HttpServletRequest) 
13:02:28.129 [main] INFO  o.s.s.w.DefaultSecurityFilterChain - Creating filter chain: Ant [pattern='/**/*.js'], [] 
13:02:28.130 [main] INFO  o.s.s.w.DefaultSecurityFilterChain - Creating filter chain: Ant [pattern='/lang/*.json'], [] 
13:02:28.130 [main] INFO  o.s.s.w.DefaultSecurityFilterChain - Creating filter chain: Ant [pattern='/**/*.css'], [] 
13:02:28.130 [main] INFO  o.s.s.w.DefaultSecurityFilterChain - Creating filter chain: Ant [pattern='/**/*.js'], [] 
13:02:28.130 [main] INFO  o.s.s.w.DefaultSecurityFilterChain - Creating filter chain: Ant [pattern='/**/*.map'], [] 
13:02:28.130 [main] INFO  o.s.s.w.DefaultSecurityFilterChain - Creating filter chain: Ant [pattern='/**/*.html'], [] 
13:02:28.131 [main] INFO  o.s.s.w.DefaultSecurityFilterChain - Creating filter chain: Ant [pattern='/**/*.png'], [] 
13:02:28.131 [main] INFO  o.s.s.w.DefaultSecurityFilterChain - Creating filter chain: Ant [pattern='/**', OPTIONS], [] 
13:02:28.281 [main] INFO  o.s.s.w.DefaultSecurityFilterChain - Creating filter chain: OrRequestMatcher [requestMatchers=[Ant [pattern='/oauth/token'], Ant [pattern='/oauth/token_key'], Ant [pattern='/oauth/check_token']]], [org.springframework.security.web.context.request.async.WebAsyncManagerIntegrationFilter@5ac044ef, org.springframework.security.web.context.SecurityContextPersistenceFilter@448ade1, org.springframework.security.web.header.HeaderWriterFilter@3a9b41a0, org.springframework.security.web.authentication.logout.LogoutFilter@68aec50, org.springframework.security.web.authentication.www.BasicAuthenticationFilter@18c880ea, org.springframework.security.web.savedrequest.RequestCacheAwareFilter@21f9c6ea, org.springframework.security.web.servletapi.SecurityContextHolderAwareRequestFilter@3e6748ae, org.springframework.security.web.authentication.AnonymousAuthenticationFilter@6afbe6a1, org.springframework.security.web.session.SessionManagementFilter@5fe46d52, org.springframework.security.web.access.ExceptionTranslationFilter@79ab97fd, org.springframework.security.web.access.intercept.FilterSecurityInterceptor@7f2b39a] 
13:02:28.322 [main] INFO  o.s.s.w.DefaultSecurityFilterChain - Creating filter chain: Ant [pattern='/me'], [org.springframework.security.web.context.request.async.WebAsyncManagerIntegrationFilter@514377fc, org.springframework.security.web.context.SecurityContextPersistenceFilter@105db94d, org.springframework.security.web.header.HeaderWriterFilter@53feeac9, org.springframework.security.web.authentication.logout.LogoutFilter@167a21b, org.springframework.security.oauth2.provider.authentication.OAuth2AuthenticationProcessingFilter@15369d73, org.springframework.security.web.savedrequest.RequestCacheAwareFilter@1d99ee1b, org.springframework.security.web.servletapi.SecurityContextHolderAwareRequestFilter@3915e7c3, org.springframework.security.web.authentication.AnonymousAuthenticationFilter@2e4eda17, org.springframework.security.web.session.SessionManagementFilter@70091872, org.springframework.security.web.access.ExceptionTranslationFilter@716f94c1, org.springframework.security.web.access.intercept.FilterSecurityInterceptor@693f2213] 
13:02:28.356 [main] INFO  o.s.s.w.DefaultSecurityFilterChain - Creating filter chain: OrRequestMatcher [requestMatchers=[Ant [pattern='/'], Ant [pattern='/home'], Ant [pattern='/doLogin'], Ant [pattern='/logout'], Ant [pattern='/oauth/authorize']]], [org.springframework.security.web.context.request.async.WebAsyncManagerIntegrationFilter@4e17442f, org.springframework.security.web.context.SecurityContextPersistenceFilter@59b492ec, org.springframework.security.web.header.HeaderWriterFilter@17216605, org.springframework.security.web.authentication.logout.LogoutFilter@11826398, org.springframework.security.web.authentication.UsernamePasswordAuthenticationFilter@410fc508, org.springframework.security.web.savedrequest.RequestCacheAwareFilter@55c1ced9, org.springframework.security.web.servletapi.SecurityContextHolderAwareRequestFilter@49cc9b2a, org.springframework.security.web.authentication.AnonymousAuthenticationFilter@4f5c30b1, org.springframework.security.web.session.SessionManagementFilter@10a907ec, org.springframework.security.web.access.ExceptionTranslationFilter@4e48462d, org.springframework.security.web.access.intercept.FilterSecurityInterceptor@63f9ddf9] 
13:02:29.117 [main] INFO  o.s.w.s.h.SimpleUrlHandlerMapping - Mapped URL path [/**/favicon.ico] onto handler of type [class org.springframework.web.servlet.resource.ResourceHttpRequestHandler] 
13:02:29.496 [main] INFO  o.s.w.s.m.m.a.RequestMappingHandlerAdapter - Looking for @ControllerAdvice: org.springframework.boot.web.servlet.context.AnnotationConfigServletWebServerApplicationContext@1bb564e2: startup date [Sat Jul 28 13:02:22 CST 2018]; root of context hierarchy 
13:02:29.573 [main] INFO  o.s.w.s.m.m.a.RequestMappingHandlerMapping - Mapped "{[/user || /me]}" onto public java.lang.Object com.jacky.strive.oauth2.controller.TokenController.user(java.security.Principal) 
13:02:29.579 [main] INFO  o.s.w.s.m.m.a.RequestMappingHandlerMapping - Mapped "{[/github/token]}" onto public java.lang.String com.jacky.strive.oauth2.controller.TokenController.GetGitHubToken(java.lang.String,java.lang.String,java.lang.String) 
13:02:29.579 [main] INFO  o.s.w.s.m.m.a.RequestMappingHandlerMapping - Mapped "{[/proxy]}" onto public java.lang.String com.jacky.strive.oauth2.controller.TokenController.Proxy(java.lang.String) 
13:02:29.580 [main] INFO  o.s.w.s.m.m.a.RequestMappingHandlerMapping - Mapped "{[/home]}" onto public java.lang.String com.jacky.strive.oauth2.controller.WebController.index(java.security.Principal,org.springframework.ui.Model) 
13:02:29.581 [main] INFO  o.s.w.s.m.m.a.RequestMappingHandlerMapping - Mapped "{[/]}" onto public java.lang.String com.jacky.strive.oauth2.controller.WebController.home() 
13:02:29.581 [main] INFO  o.s.w.s.m.m.a.RequestMappingHandlerMapping - Mapped "{[/login]}" onto public java.lang.String com.jacky.strive.oauth2.controller.WebController.login() 
13:02:29.591 [main] INFO  o.s.w.s.m.m.a.RequestMappingHandlerMapping - Mapped "{[/error]}" onto public org.springframework.http.ResponseEntity<java.util.Map<java.lang.String, java.lang.Object>> org.springframework.boot.autoconfigure.web.servlet.error.BasicErrorController.error(javax.servlet.http.HttpServletRequest) 
13:02:29.591 [main] INFO  o.s.w.s.m.m.a.RequestMappingHandlerMapping - Mapped "{[/error],produces=[text/html]}" onto public org.springframework.web.servlet.ModelAndView org.springframework.boot.autoconfigure.web.servlet.error.BasicErrorController.errorHtml(javax.servlet.http.HttpServletRequest,javax.servlet.http.HttpServletResponse) 
13:02:29.654 [main] INFO  o.s.w.s.h.SimpleUrlHandlerMapping - Mapped URL path [/webjars/**] onto handler of type [class org.springframework.web.servlet.resource.ResourceHttpRequestHandler] 
13:02:29.654 [main] INFO  o.s.w.s.h.SimpleUrlHandlerMapping - Mapped URL path [/**] onto handler of type [class org.springframework.web.servlet.resource.ResourceHttpRequestHandler] 
13:02:30.845 [main] INFO  o.s.j.e.a.AnnotationMBeanExporter - Registering beans for JMX exposure on startup 
13:02:30.849 [main] INFO  o.s.j.e.a.AnnotationMBeanExporter - Bean with name 'getDataSource' has been autodetected for JMX exposure 
13:02:30.849 [main] INFO  o.s.j.e.a.AnnotationMBeanExporter - Bean with name 'striveDataSource' has been autodetected for JMX exposure 
13:02:30.866 [main] INFO  o.s.j.e.a.AnnotationMBeanExporter - Located MBean 'getDataSource': registering with JMX server as MBean [com.alibaba.druid.pool:name=getDataSource,type=DruidDataSource] 
13:02:30.871 [main] INFO  o.s.j.e.a.AnnotationMBeanExporter - Located MBean 'striveDataSource': registering with JMX server as MBean [com.alibaba.druid.pool:name=striveDataSource,type=DruidDataSource] 
13:02:30.945 [main] ERROR o.a.catalina.core.StandardService - Failed to start connector [Connector[HTTP/1.1-8088]] 
org.apache.catalina.LifecycleException: Failed to start component [Connector[HTTP/1.1-8088]]
	at org.apache.catalina.util.LifecycleBase.start(LifecycleBase.java:167)
	at org.apache.catalina.core.StandardService.addConnector(StandardService.java:225)
	at org.springframework.boot.web.embedded.tomcat.TomcatWebServer.addPreviouslyRemovedConnectors(TomcatWebServer.java:256)
	at org.springframework.boot.web.embedded.tomcat.TomcatWebServer.start(TomcatWebServer.java:198)
	at org.springframework.boot.web.servlet.context.ServletWebServerApplicationContext.startWebServer(ServletWebServerApplicationContext.java:300)
	at org.springframework.boot.web.servlet.context.ServletWebServerApplicationContext.finishRefresh(ServletWebServerApplicationContext.java:162)
	at org.springframework.context.support.AbstractApplicationContext.refresh(AbstractApplicationContext.java:553)
	at org.springframework.boot.web.servlet.context.ServletWebServerApplicationContext.refresh(ServletWebServerApplicationContext.java:140)
	at org.springframework.boot.SpringApplication.refresh(SpringApplication.java:759)
	at org.springframework.boot.SpringApplication.refreshContext(SpringApplication.java:395)
	at org.springframework.boot.SpringApplication.run(SpringApplication.java:327)
	at org.springframework.boot.SpringApplication.run(SpringApplication.java:1255)
	at org.springframework.boot.SpringApplication.run(SpringApplication.java:1243)
	at com.jacky.strive.oauth2.Oauth2Application.main(Oauth2Application.java:18)
Caused by: org.apache.catalina.LifecycleException: Protocol handler start failed
	at org.apache.catalina.connector.Connector.startInternal(Connector.java:1020)
	at org.apache.catalina.util.LifecycleBase.start(LifecycleBase.java:150)
	... 13 common frames omitted
Caused by: java.net.BindException: Address already in use
	at sun.nio.ch.Net.bind0(Native Method)
	at sun.nio.ch.Net.bind(Net.java:433)
	at sun.nio.ch.Net.bind(Net.java:425)
	at sun.nio.ch.ServerSocketChannelImpl.bind(ServerSocketChannelImpl.java:223)
	at sun.nio.ch.ServerSocketAdaptor.bind(ServerSocketAdaptor.java:74)
	at org.apache.tomcat.util.net.NioEndpoint.bind(NioEndpoint.java:210)
	at org.apache.tomcat.util.net.AbstractEndpoint.start(AbstractEndpoint.java:1150)
	at org.apache.coyote.AbstractProtocol.start(AbstractProtocol.java:591)
	at org.apache.catalina.connector.Connector.startInternal(Connector.java:1018)
	... 14 common frames omitted
13:02:30.952 [main] INFO  o.a.catalina.core.StandardService - Stopping service [Tomcat] 
13:02:30.996 [main] ERROR o.s.b.d.LoggingFailureAnalysisReporter - 

***************************
APPLICATION FAILED TO START
***************************

Description:

The Tomcat connector configured to listen on port 8088 failed to start. The port may already be in use or the connector may be misconfigured.

Action:

Verify the connector's configuration, identify and stop any process that's listening on port 8088, or configure this application to listen on another port.
 
13:02:30.999 [main] INFO  o.s.b.w.s.c.AnnotationConfigServletWebServerApplicationContext - Closing org.springframework.boot.web.servlet.context.AnnotationConfigServletWebServerApplicationContext@1bb564e2: startup date [Sat Jul 28 13:02:22 CST 2018]; root of context hierarchy 
13:02:31.028 [main] INFO  o.s.j.e.a.AnnotationMBeanExporter - Unregistering JMX-exposed beans on shutdown 
13:02:31.029 [main] INFO  o.s.j.e.a.AnnotationMBeanExporter - Unregistering JMX-exposed beans 
13:02:40.930 [main] INFO  c.j.strive.oauth2.Oauth2Application - Starting Oauth2Application on huangchaodeMacBook-Air.local with PID 2801 (/Users/huangchao/IdeaProjects/strive/strive-oauth2/target/classes started by huangchao in /Users/huangchao/IdeaProjects/strive) 
13:02:40.933 [main] INFO  c.j.strive.oauth2.Oauth2Application - No active profile set, falling back to default profiles: default 
13:02:41.145 [main] INFO  o.s.b.w.s.c.AnnotationConfigServletWebServerApplicationContext - Refreshing org.springframework.boot.web.servlet.context.AnnotationConfigServletWebServerApplicationContext@1021f6c9: startup date [Sat Jul 28 13:02:41 CST 2018]; root of context hierarchy 
13:02:42.529 [main] INFO  o.s.b.f.s.DefaultListableBeanFactory - Overriding bean definition for bean 'customUserService' with a different definition: replacing [Generic bean: class [com.jacky.strive.oauth2.config.CustomUserService]; scope=singleton; abstract=false; lazyInit=false; autowireMode=0; dependencyCheck=0; autowireCandidate=true; primary=false; factoryBeanName=null; factoryMethodName=null; initMethodName=null; destroyMethodName=null; defined in file [/Users/huangchao/IdeaProjects/strive/strive-oauth2/target/classes/com/jacky/strive/oauth2/config/CustomUserService.class]] with [Root bean: class [null]; scope=; abstract=false; lazyInit=false; autowireMode=3; dependencyCheck=0; autowireCandidate=true; primary=false; factoryBeanName=ssoAuthenticationProvider; factoryMethodName=customUserService; initMethodName=null; destroyMethodName=(inferred); defined in class path resource [com/jacky/strive/oauth2/config/SsoAuthenticationProvider.class]] 
13:02:42.863 [main] WARN  t.m.s.mapper.ClassPathMapperScanner - No MyBatis mapper was found in '[com.jacky.strive.oauth2]' package. Please check your configuration. 
13:02:42.874 [main] WARN  o.m.s.mapper.ClassPathMapperScanner - No MyBatis mapper was found in '[com.jacky.strive.oauth2]' package. Please check your configuration. 
13:02:42.947 [main] INFO  o.s.d.r.c.RepositoryConfigurationDelegate - Multiple Spring Data modules found, entering strict repository configuration mode! 
13:02:43.830 [main] INFO  o.s.c.s.PostProcessorRegistrationDelegate$BeanPostProcessorChecker - Bean 'org.springframework.transaction.annotation.ProxyTransactionManagementConfiguration' of type [org.springframework.transaction.annotation.ProxyTransactionManagementConfiguration$$EnhancerBySpringCGLIB$$44996f59] is not eligible for getting processed by all BeanPostProcessors (for example: not eligible for auto-proxying) 
13:02:44.397 [main] INFO  o.s.b.w.e.tomcat.TomcatWebServer - Tomcat initialized with port(s): 8088 (http) 
13:02:44.446 [main] INFO  o.a.catalina.core.StandardService - Starting service [Tomcat] 
13:02:44.446 [main] INFO  o.a.catalina.core.StandardEngine - Starting Servlet Engine: Apache Tomcat/8.5.29 
13:02:44.454 [localhost-startStop-1] INFO  o.a.c.core.AprLifecycleListener - The APR based Apache Tomcat Native library which allows optimal performance in production environments was not found on the java.library.path: [/Users/huangchao/Library/Java/Extensions:/Library/Java/Extensions:/Network/Library/Java/Extensions:/System/Library/Java/Extensions:/usr/lib/java:.] 
13:02:44.618 [localhost-startStop-1] INFO  o.a.c.c.C.[.[localhost].[/admin] - Initializing Spring embedded WebApplicationContext 
13:02:44.618 [localhost-startStop-1] INFO  o.s.web.context.ContextLoader - Root WebApplicationContext: initialization completed in 3473 ms 
13:02:44.837 [localhost-startStop-1] INFO  o.s.b.w.s.FilterRegistrationBean - Mapping filter: 'characterEncodingFilter' to: [/*] 
13:02:44.838 [localhost-startStop-1] INFO  o.s.b.w.s.FilterRegistrationBean - Mapping filter: 'hiddenHttpMethodFilter' to: [/*] 
13:02:44.838 [localhost-startStop-1] INFO  o.s.b.w.s.FilterRegistrationBean - Mapping filter: 'httpPutFormContentFilter' to: [/*] 
13:02:44.838 [localhost-startStop-1] INFO  o.s.b.w.s.FilterRegistrationBean - Mapping filter: 'requestContextFilter' to: [/*] 
13:02:44.839 [localhost-startStop-1] INFO  o.s.b.w.s.DelegatingFilterProxyRegistrationBean - Mapping filter: 'springSecurityFilterChain' to: [/*] 
13:02:44.839 [localhost-startStop-1] INFO  o.s.b.w.s.FilterRegistrationBean - Mapping filter: 'corsFilter' to: [/*] 
13:02:44.839 [localhost-startStop-1] INFO  o.s.b.w.s.ServletRegistrationBean - Servlet dispatcherServlet mapped to [/] 
13:02:46.212 [main] INFO  o.s.s.o.p.e.FrameworkEndpointHandlerMapping - Mapped "{[/oauth/authorize]}" onto public org.springframework.web.servlet.ModelAndView org.springframework.security.oauth2.provider.endpoint.AuthorizationEndpoint.authorize(java.util.Map<java.lang.String, java.lang.Object>,java.util.Map<java.lang.String, java.lang.String>,org.springframework.web.bind.support.SessionStatus,java.security.Principal) 
13:02:46.213 [main] INFO  o.s.s.o.p.e.FrameworkEndpointHandlerMapping - Mapped "{[/oauth/authorize],methods=[POST],params=[user_oauth_approval]}" onto public org.springframework.web.servlet.View org.springframework.security.oauth2.provider.endpoint.AuthorizationEndpoint.approveOrDeny(java.util.Map<java.lang.String, java.lang.String>,java.util.Map<java.lang.String, ?>,org.springframework.web.bind.support.SessionStatus,java.security.Principal) 
13:02:46.214 [main] INFO  o.s.s.o.p.e.FrameworkEndpointHandlerMapping - Mapped "{[/oauth/token],methods=[GET]}" onto public org.springframework.http.ResponseEntity<org.springframework.security.oauth2.common.OAuth2AccessToken> org.springframework.security.oauth2.provider.endpoint.TokenEndpoint.getAccessToken(java.security.Principal,java.util.Map<java.lang.String, java.lang.String>) throws org.springframework.web.HttpRequestMethodNotSupportedException 
13:02:46.215 [main] INFO  o.s.s.o.p.e.FrameworkEndpointHandlerMapping - Mapped "{[/oauth/token],methods=[POST]}" onto public org.springframework.http.ResponseEntity<org.springframework.security.oauth2.common.OAuth2AccessToken> org.springframework.security.oauth2.provider.endpoint.TokenEndpoint.postAccessToken(java.security.Principal,java.util.Map<java.lang.String, java.lang.String>) throws org.springframework.web.HttpRequestMethodNotSupportedException 
13:02:46.215 [main] INFO  o.s.s.o.p.e.FrameworkEndpointHandlerMapping - Mapped "{[/oauth/check_token]}" onto public java.util.Map<java.lang.String, ?> org.springframework.security.oauth2.provider.endpoint.CheckTokenEndpoint.checkToken(java.lang.String) 
13:02:46.216 [main] INFO  o.s.s.o.p.e.FrameworkEndpointHandlerMapping - Mapped "{[/oauth/confirm_access]}" onto public org.springframework.web.servlet.ModelAndView org.springframework.security.oauth2.provider.endpoint.WhitelabelApprovalEndpoint.getAccessConfirmation(java.util.Map<java.lang.String, java.lang.Object>,javax.servlet.http.HttpServletRequest) throws java.lang.Exception 
13:02:46.216 [main] INFO  o.s.s.o.p.e.FrameworkEndpointHandlerMapping - Mapped "{[/oauth/error]}" onto public org.springframework.web.servlet.ModelAndView org.springframework.security.oauth2.provider.endpoint.WhitelabelErrorEndpoint.handleError(javax.servlet.http.HttpServletRequest) 
13:02:46.703 [main] INFO  o.s.s.w.DefaultSecurityFilterChain - Creating filter chain: Ant [pattern='/**/*.js'], [] 
13:02:46.703 [main] INFO  o.s.s.w.DefaultSecurityFilterChain - Creating filter chain: Ant [pattern='/lang/*.json'], [] 
13:02:46.703 [main] INFO  o.s.s.w.DefaultSecurityFilterChain - Creating filter chain: Ant [pattern='/**/*.css'], [] 
13:02:46.703 [main] INFO  o.s.s.w.DefaultSecurityFilterChain - Creating filter chain: Ant [pattern='/**/*.js'], [] 
13:02:46.703 [main] INFO  o.s.s.w.DefaultSecurityFilterChain - Creating filter chain: Ant [pattern='/**/*.map'], [] 
13:02:46.703 [main] INFO  o.s.s.w.DefaultSecurityFilterChain - Creating filter chain: Ant [pattern='/**/*.html'], [] 
13:02:46.704 [main] INFO  o.s.s.w.DefaultSecurityFilterChain - Creating filter chain: Ant [pattern='/**/*.png'], [] 
13:02:46.704 [main] INFO  o.s.s.w.DefaultSecurityFilterChain - Creating filter chain: Ant [pattern='/**', OPTIONS], [] 
13:02:46.905 [main] INFO  o.s.s.w.DefaultSecurityFilterChain - Creating filter chain: OrRequestMatcher [requestMatchers=[Ant [pattern='/oauth/token'], Ant [pattern='/oauth/token_key'], Ant [pattern='/oauth/check_token']]], [org.springframework.security.web.context.request.async.WebAsyncManagerIntegrationFilter@19002b34, org.springframework.security.web.context.SecurityContextPersistenceFilter@96abc76, org.springframework.security.web.header.HeaderWriterFilter@68bd8ca7, org.springframework.security.web.authentication.logout.LogoutFilter@5bf4764d, org.springframework.security.web.authentication.www.BasicAuthenticationFilter@5f193335, org.springframework.security.web.savedrequest.RequestCacheAwareFilter@437281c5, org.springframework.security.web.servletapi.SecurityContextHolderAwareRequestFilter@1537e43, org.springframework.security.web.authentication.AnonymousAuthenticationFilter@1ec88aa1, org.springframework.security.web.session.SessionManagementFilter@4b28a7bf, org.springframework.security.web.access.ExceptionTranslationFilter@65593327, org.springframework.security.web.access.intercept.FilterSecurityInterceptor@21f9c6ea] 
13:02:46.954 [main] INFO  o.s.s.w.DefaultSecurityFilterChain - Creating filter chain: Ant [pattern='/me'], [org.springframework.security.web.context.request.async.WebAsyncManagerIntegrationFilter@5002fde9, org.springframework.security.web.context.SecurityContextPersistenceFilter@6aff97d6, org.springframework.security.web.header.HeaderWriterFilter@27c53c32, org.springframework.security.web.authentication.logout.LogoutFilter@427308f8, org.springframework.security.oauth2.provider.authentication.OAuth2AuthenticationProcessingFilter@65f3e805, org.springframework.security.web.savedrequest.RequestCacheAwareFilter@1d60059f, org.springframework.security.web.servletapi.SecurityContextHolderAwareRequestFilter@134a8ead, org.springframework.security.web.authentication.AnonymousAuthenticationFilter@6f96dd64, org.springframework.security.web.session.SessionManagementFilter@68aec50, org.springframework.security.web.access.ExceptionTranslationFilter@4c176ff1, org.springframework.security.web.access.intercept.FilterSecurityInterceptor@5e2a6991] 
13:02:46.990 [main] INFO  o.s.s.w.DefaultSecurityFilterChain - Creating filter chain: OrRequestMatcher [requestMatchers=[Ant [pattern='/'], Ant [pattern='/home'], Ant [pattern='/doLogin'], Ant [pattern='/logout'], Ant [pattern='/oauth/authorize']]], [org.springframework.security.web.context.request.async.WebAsyncManagerIntegrationFilter@6afbe6a1, org.springframework.security.web.context.SecurityContextPersistenceFilter@1c74d19, org.springframework.security.web.header.HeaderWriterFilter@59918c8f, org.springframework.security.web.authentication.logout.LogoutFilter@2776fd8f, org.springframework.security.web.authentication.UsernamePasswordAuthenticationFilter@5ac044ef, org.springframework.security.web.savedrequest.RequestCacheAwareFilter@24197b13, org.springframework.security.web.servletapi.SecurityContextHolderAwareRequestFilter@71b97eeb, org.springframework.security.web.authentication.AnonymousAuthenticationFilter@14457a95, org.springframework.security.web.session.SessionManagementFilter@2b7facc7, org.springframework.security.web.access.ExceptionTranslationFilter@2450256f, org.springframework.security.web.access.intercept.FilterSecurityInterceptor@18c880ea] 
13:02:47.725 [main] INFO  o.s.w.s.h.SimpleUrlHandlerMapping - Mapped URL path [/**/favicon.ico] onto handler of type [class org.springframework.web.servlet.resource.ResourceHttpRequestHandler] 
13:02:48.076 [main] INFO  o.s.w.s.m.m.a.RequestMappingHandlerAdapter - Looking for @ControllerAdvice: org.springframework.boot.web.servlet.context.AnnotationConfigServletWebServerApplicationContext@1021f6c9: startup date [Sat Jul 28 13:02:41 CST 2018]; root of context hierarchy 
13:02:48.146 [main] INFO  o.s.w.s.m.m.a.RequestMappingHandlerMapping - Mapped "{[/user || /me]}" onto public java.lang.Object com.jacky.strive.oauth2.controller.TokenController.user(java.security.Principal) 
13:02:48.149 [main] INFO  o.s.w.s.m.m.a.RequestMappingHandlerMapping - Mapped "{[/github/token]}" onto public java.lang.String com.jacky.strive.oauth2.controller.TokenController.GetGitHubToken(java.lang.String,java.lang.String,java.lang.String) 
13:02:48.149 [main] INFO  o.s.w.s.m.m.a.RequestMappingHandlerMapping - Mapped "{[/proxy]}" onto public java.lang.String com.jacky.strive.oauth2.controller.TokenController.Proxy(java.lang.String) 
13:02:48.150 [main] INFO  o.s.w.s.m.m.a.RequestMappingHandlerMapping - Mapped "{[/home]}" onto public java.lang.String com.jacky.strive.oauth2.controller.WebController.index(java.security.Principal,org.springframework.ui.Model) 
13:02:48.150 [main] INFO  o.s.w.s.m.m.a.RequestMappingHandlerMapping - Mapped "{[/]}" onto public java.lang.String com.jacky.strive.oauth2.controller.WebController.home() 
13:02:48.150 [main] INFO  o.s.w.s.m.m.a.RequestMappingHandlerMapping - Mapped "{[/login]}" onto public java.lang.String com.jacky.strive.oauth2.controller.WebController.login() 
13:02:48.156 [main] INFO  o.s.w.s.m.m.a.RequestMappingHandlerMapping - Mapped "{[/error]}" onto public org.springframework.http.ResponseEntity<java.util.Map<java.lang.String, java.lang.Object>> org.springframework.boot.autoconfigure.web.servlet.error.BasicErrorController.error(javax.servlet.http.HttpServletRequest) 
13:02:48.157 [main] INFO  o.s.w.s.m.m.a.RequestMappingHandlerMapping - Mapped "{[/error],produces=[text/html]}" onto public org.springframework.web.servlet.ModelAndView org.springframework.boot.autoconfigure.web.servlet.error.BasicErrorController.errorHtml(javax.servlet.http.HttpServletRequest,javax.servlet.http.HttpServletResponse) 
13:02:48.212 [main] INFO  o.s.w.s.h.SimpleUrlHandlerMapping - Mapped URL path [/webjars/**] onto handler of type [class org.springframework.web.servlet.resource.ResourceHttpRequestHandler] 
13:02:48.212 [main] INFO  o.s.w.s.h.SimpleUrlHandlerMapping - Mapped URL path [/**] onto handler of type [class org.springframework.web.servlet.resource.ResourceHttpRequestHandler] 
13:02:49.667 [main] INFO  o.s.j.e.a.AnnotationMBeanExporter - Registering beans for JMX exposure on startup 
13:02:49.670 [main] INFO  o.s.j.e.a.AnnotationMBeanExporter - Bean with name 'getDataSource' has been autodetected for JMX exposure 
13:02:49.670 [main] INFO  o.s.j.e.a.AnnotationMBeanExporter - Bean with name 'striveDataSource' has been autodetected for JMX exposure 
13:02:49.681 [main] INFO  o.s.j.e.a.AnnotationMBeanExporter - Located MBean 'getDataSource': registering with JMX server as MBean [com.alibaba.druid.pool:name=getDataSource,type=DruidDataSource] 
13:02:49.685 [main] INFO  o.s.j.e.a.AnnotationMBeanExporter - Located MBean 'striveDataSource': registering with JMX server as MBean [com.alibaba.druid.pool:name=striveDataSource,type=DruidDataSource] 
13:02:49.755 [main] ERROR o.a.catalina.core.StandardService - Failed to start connector [Connector[HTTP/1.1-8088]] 
org.apache.catalina.LifecycleException: Failed to start component [Connector[HTTP/1.1-8088]]
	at org.apache.catalina.util.LifecycleBase.start(LifecycleBase.java:167)
	at org.apache.catalina.core.StandardService.addConnector(StandardService.java:225)
	at org.springframework.boot.web.embedded.tomcat.TomcatWebServer.addPreviouslyRemovedConnectors(TomcatWebServer.java:256)
	at org.springframework.boot.web.embedded.tomcat.TomcatWebServer.start(TomcatWebServer.java:198)
	at org.springframework.boot.web.servlet.context.ServletWebServerApplicationContext.startWebServer(ServletWebServerApplicationContext.java:300)
	at org.springframework.boot.web.servlet.context.ServletWebServerApplicationContext.finishRefresh(ServletWebServerApplicationContext.java:162)
	at org.springframework.context.support.AbstractApplicationContext.refresh(AbstractApplicationContext.java:553)
	at org.springframework.boot.web.servlet.context.ServletWebServerApplicationContext.refresh(ServletWebServerApplicationContext.java:140)
	at org.springframework.boot.SpringApplication.refresh(SpringApplication.java:759)
	at org.springframework.boot.SpringApplication.refreshContext(SpringApplication.java:395)
	at org.springframework.boot.SpringApplication.run(SpringApplication.java:327)
	at org.springframework.boot.SpringApplication.run(SpringApplication.java:1255)
	at org.springframework.boot.SpringApplication.run(SpringApplication.java:1243)
	at com.jacky.strive.oauth2.Oauth2Application.main(Oauth2Application.java:18)
Caused by: org.apache.catalina.LifecycleException: Protocol handler start failed
	at org.apache.catalina.connector.Connector.startInternal(Connector.java:1020)
	at org.apache.catalina.util.LifecycleBase.start(LifecycleBase.java:150)
	... 13 common frames omitted
Caused by: java.net.BindException: Address already in use
	at sun.nio.ch.Net.bind0(Native Method)
	at sun.nio.ch.Net.bind(Net.java:433)
	at sun.nio.ch.Net.bind(Net.java:425)
	at sun.nio.ch.ServerSocketChannelImpl.bind(ServerSocketChannelImpl.java:223)
	at sun.nio.ch.ServerSocketAdaptor.bind(ServerSocketAdaptor.java:74)
	at org.apache.tomcat.util.net.NioEndpoint.bind(NioEndpoint.java:210)
	at org.apache.tomcat.util.net.AbstractEndpoint.start(AbstractEndpoint.java:1150)
	at org.apache.coyote.AbstractProtocol.start(AbstractProtocol.java:591)
	at org.apache.catalina.connector.Connector.startInternal(Connector.java:1018)
	... 14 common frames omitted
13:02:49.764 [main] INFO  o.a.catalina.core.StandardService - Stopping service [Tomcat] 
13:02:49.814 [main] ERROR o.s.b.d.LoggingFailureAnalysisReporter - 

***************************
APPLICATION FAILED TO START
***************************

Description:

The Tomcat connector configured to listen on port 8088 failed to start. The port may already be in use or the connector may be misconfigured.

Action:

Verify the connector's configuration, identify and stop any process that's listening on port 8088, or configure this application to listen on another port.
 
13:02:49.816 [main] INFO  o.s.b.w.s.c.AnnotationConfigServletWebServerApplicationContext - Closing org.springframework.boot.web.servlet.context.AnnotationConfigServletWebServerApplicationContext@1021f6c9: startup date [Sat Jul 28 13:02:41 CST 2018]; root of context hierarchy 
13:02:49.839 [main] INFO  o.s.j.e.a.AnnotationMBeanExporter - Unregistering JMX-exposed beans on shutdown 
13:02:49.840 [main] INFO  o.s.j.e.a.AnnotationMBeanExporter - Unregistering JMX-exposed beans 
13:03:15.260 [main] INFO  c.j.strive.oauth2.Oauth2Application - Starting Oauth2Application on huangchaodeMacBook-Air.local with PID 2807 (/Users/huangchao/IdeaProjects/strive/strive-oauth2/target/classes started by huangchao in /Users/huangchao/IdeaProjects/strive) 
13:03:15.263 [main] INFO  c.j.strive.oauth2.Oauth2Application - No active profile set, falling back to default profiles: default 
13:03:15.559 [main] INFO  o.s.b.w.s.c.AnnotationConfigServletWebServerApplicationContext - Refreshing org.springframework.boot.web.servlet.context.AnnotationConfigServletWebServerApplicationContext@478ee483: startup date [Sat Jul 28 13:03:15 CST 2018]; root of context hierarchy 
13:03:16.791 [main] INFO  o.s.b.f.s.DefaultListableBeanFactory - Overriding bean definition for bean 'customUserService' with a different definition: replacing [Generic bean: class [com.jacky.strive.oauth2.config.CustomUserService]; scope=singleton; abstract=false; lazyInit=false; autowireMode=0; dependencyCheck=0; autowireCandidate=true; primary=false; factoryBeanName=null; factoryMethodName=null; initMethodName=null; destroyMethodName=null; defined in file [/Users/huangchao/IdeaProjects/strive/strive-oauth2/target/classes/com/jacky/strive/oauth2/config/CustomUserService.class]] with [Root bean: class [null]; scope=; abstract=false; lazyInit=false; autowireMode=3; dependencyCheck=0; autowireCandidate=true; primary=false; factoryBeanName=ssoAuthenticationProvider; factoryMethodName=customUserService; initMethodName=null; destroyMethodName=(inferred); defined in class path resource [com/jacky/strive/oauth2/config/SsoAuthenticationProvider.class]] 
13:03:17.087 [main] WARN  t.m.s.mapper.ClassPathMapperScanner - No MyBatis mapper was found in '[com.jacky.strive.oauth2]' package. Please check your configuration. 
13:03:17.105 [main] WARN  o.m.s.mapper.ClassPathMapperScanner - No MyBatis mapper was found in '[com.jacky.strive.oauth2]' package. Please check your configuration. 
13:03:17.186 [main] INFO  o.s.d.r.c.RepositoryConfigurationDelegate - Multiple Spring Data modules found, entering strict repository configuration mode! 
13:03:18.074 [main] INFO  o.s.c.s.PostProcessorRegistrationDelegate$BeanPostProcessorChecker - Bean 'org.springframework.transaction.annotation.ProxyTransactionManagementConfiguration' of type [org.springframework.transaction.annotation.ProxyTransactionManagementConfiguration$$EnhancerBySpringCGLIB$$b8a215ed] is not eligible for getting processed by all BeanPostProcessors (for example: not eligible for auto-proxying) 
13:03:18.645 [main] INFO  o.s.b.w.e.tomcat.TomcatWebServer - Tomcat initialized with port(s): 8088 (http) 
13:03:18.693 [main] INFO  o.a.catalina.core.StandardService - Starting service [Tomcat] 
13:03:18.693 [main] INFO  o.a.catalina.core.StandardEngine - Starting Servlet Engine: Apache Tomcat/8.5.29 
13:03:18.703 [localhost-startStop-1] INFO  o.a.c.core.AprLifecycleListener - The APR based Apache Tomcat Native library which allows optimal performance in production environments was not found on the java.library.path: [/Users/huangchao/Library/Java/Extensions:/Library/Java/Extensions:/Network/Library/Java/Extensions:/System/Library/Java/Extensions:/usr/lib/java:.] 
13:03:18.841 [localhost-startStop-1] INFO  o.a.c.c.C.[.[localhost].[/admin] - Initializing Spring embedded WebApplicationContext 
13:03:18.841 [localhost-startStop-1] INFO  o.s.web.context.ContextLoader - Root WebApplicationContext: initialization completed in 3282 ms 
13:03:19.147 [localhost-startStop-1] INFO  o.s.b.w.s.FilterRegistrationBean - Mapping filter: 'characterEncodingFilter' to: [/*] 
13:03:19.147 [localhost-startStop-1] INFO  o.s.b.w.s.FilterRegistrationBean - Mapping filter: 'hiddenHttpMethodFilter' to: [/*] 
13:03:19.147 [localhost-startStop-1] INFO  o.s.b.w.s.FilterRegistrationBean - Mapping filter: 'httpPutFormContentFilter' to: [/*] 
13:03:19.147 [localhost-startStop-1] INFO  o.s.b.w.s.FilterRegistrationBean - Mapping filter: 'requestContextFilter' to: [/*] 
13:03:19.148 [localhost-startStop-1] INFO  o.s.b.w.s.DelegatingFilterProxyRegistrationBean - Mapping filter: 'springSecurityFilterChain' to: [/*] 
13:03:19.148 [localhost-startStop-1] INFO  o.s.b.w.s.FilterRegistrationBean - Mapping filter: 'corsFilter' to: [/*] 
13:03:19.149 [localhost-startStop-1] INFO  o.s.b.w.s.ServletRegistrationBean - Servlet dispatcherServlet mapped to [/] 
13:03:20.541 [main] INFO  o.s.s.o.p.e.FrameworkEndpointHandlerMapping - Mapped "{[/oauth/authorize]}" onto public org.springframework.web.servlet.ModelAndView org.springframework.security.oauth2.provider.endpoint.AuthorizationEndpoint.authorize(java.util.Map<java.lang.String, java.lang.Object>,java.util.Map<java.lang.String, java.lang.String>,org.springframework.web.bind.support.SessionStatus,java.security.Principal) 
13:03:20.543 [main] INFO  o.s.s.o.p.e.FrameworkEndpointHandlerMapping - Mapped "{[/oauth/authorize],methods=[POST],params=[user_oauth_approval]}" onto public org.springframework.web.servlet.View org.springframework.security.oauth2.provider.endpoint.AuthorizationEndpoint.approveOrDeny(java.util.Map<java.lang.String, java.lang.String>,java.util.Map<java.lang.String, ?>,org.springframework.web.bind.support.SessionStatus,java.security.Principal) 
13:03:20.544 [main] INFO  o.s.s.o.p.e.FrameworkEndpointHandlerMapping - Mapped "{[/oauth/token],methods=[GET]}" onto public org.springframework.http.ResponseEntity<org.springframework.security.oauth2.common.OAuth2AccessToken> org.springframework.security.oauth2.provider.endpoint.TokenEndpoint.getAccessToken(java.security.Principal,java.util.Map<java.lang.String, java.lang.String>) throws org.springframework.web.HttpRequestMethodNotSupportedException 
13:03:20.544 [main] INFO  o.s.s.o.p.e.FrameworkEndpointHandlerMapping - Mapped "{[/oauth/token],methods=[POST]}" onto public org.springframework.http.ResponseEntity<org.springframework.security.oauth2.common.OAuth2AccessToken> org.springframework.security.oauth2.provider.endpoint.TokenEndpoint.postAccessToken(java.security.Principal,java.util.Map<java.lang.String, java.lang.String>) throws org.springframework.web.HttpRequestMethodNotSupportedException 
13:03:20.545 [main] INFO  o.s.s.o.p.e.FrameworkEndpointHandlerMapping - Mapped "{[/oauth/check_token]}" onto public java.util.Map<java.lang.String, ?> org.springframework.security.oauth2.provider.endpoint.CheckTokenEndpoint.checkToken(java.lang.String) 
13:03:20.546 [main] INFO  o.s.s.o.p.e.FrameworkEndpointHandlerMapping - Mapped "{[/oauth/confirm_access]}" onto public org.springframework.web.servlet.ModelAndView org.springframework.security.oauth2.provider.endpoint.WhitelabelApprovalEndpoint.getAccessConfirmation(java.util.Map<java.lang.String, java.lang.Object>,javax.servlet.http.HttpServletRequest) throws java.lang.Exception 
13:03:20.547 [main] INFO  o.s.s.o.p.e.FrameworkEndpointHandlerMapping - Mapped "{[/oauth/error]}" onto public org.springframework.web.servlet.ModelAndView org.springframework.security.oauth2.provider.endpoint.WhitelabelErrorEndpoint.handleError(javax.servlet.http.HttpServletRequest) 
13:03:21.134 [main] INFO  o.s.s.w.DefaultSecurityFilterChain - Creating filter chain: Ant [pattern='/**/*.js'], [] 
13:03:21.134 [main] INFO  o.s.s.w.DefaultSecurityFilterChain - Creating filter chain: Ant [pattern='/lang/*.json'], [] 
13:03:21.134 [main] INFO  o.s.s.w.DefaultSecurityFilterChain - Creating filter chain: Ant [pattern='/**/*.css'], [] 
13:03:21.135 [main] INFO  o.s.s.w.DefaultSecurityFilterChain - Creating filter chain: Ant [pattern='/**/*.js'], [] 
13:03:21.135 [main] INFO  o.s.s.w.DefaultSecurityFilterChain - Creating filter chain: Ant [pattern='/**/*.map'], [] 
13:03:21.135 [main] INFO  o.s.s.w.DefaultSecurityFilterChain - Creating filter chain: Ant [pattern='/**/*.html'], [] 
13:03:21.135 [main] INFO  o.s.s.w.DefaultSecurityFilterChain - Creating filter chain: Ant [pattern='/**/*.png'], [] 
13:03:21.135 [main] INFO  o.s.s.w.DefaultSecurityFilterChain - Creating filter chain: Ant [pattern='/**', OPTIONS], [] 
13:03:21.299 [main] INFO  o.s.s.w.DefaultSecurityFilterChain - Creating filter chain: OrRequestMatcher [requestMatchers=[Ant [pattern='/oauth/token'], Ant [pattern='/oauth/token_key'], Ant [pattern='/oauth/check_token']]], [org.springframework.security.web.context.request.async.WebAsyncManagerIntegrationFilter@52621501, org.springframework.security.web.context.SecurityContextPersistenceFilter@5ed0b4e3, org.springframework.security.web.header.HeaderWriterFilter@4ea1aa52, org.springframework.security.web.authentication.logout.LogoutFilter@783b3aa0, org.springframework.security.web.authentication.www.BasicAuthenticationFilter@760f1081, org.springframework.security.web.savedrequest.RequestCacheAwareFilter@79ab97fd, org.springframework.security.web.servletapi.SecurityContextHolderAwareRequestFilter@7cfb8e98, org.springframework.security.web.authentication.AnonymousAuthenticationFilter@401e02b4, org.springframework.security.web.session.SessionManagementFilter@74123110, org.springframework.security.web.access.ExceptionTranslationFilter@4c7d7430, org.springframework.security.web.access.intercept.FilterSecurityInterceptor@59328218] 
13:03:21.334 [main] INFO  o.s.s.w.DefaultSecurityFilterChain - Creating filter chain: Ant [pattern='/me'], [org.springframework.security.web.context.request.async.WebAsyncManagerIntegrationFilter@9263c54, org.springframework.security.web.context.SecurityContextPersistenceFilter@dada335, org.springframework.security.web.header.HeaderWriterFilter@61a87366, org.springframework.security.web.authentication.logout.LogoutFilter@70091872, org.springframework.security.oauth2.provider.authentication.OAuth2AuthenticationProcessingFilter@46612bfc, org.springframework.security.web.savedrequest.RequestCacheAwareFilter@716f94c1, org.springframework.security.web.servletapi.SecurityContextHolderAwareRequestFilter@53feeac9, org.springframework.security.web.authentication.AnonymousAuthenticationFilter@28daf506, org.springframework.security.web.session.SessionManagementFilter@3c33fcf8, org.springframework.security.web.access.ExceptionTranslationFilter@1abcd059, org.springframework.security.web.access.intercept.FilterSecurityInterceptor@6818fd48] 
13:03:21.383 [main] INFO  o.s.s.w.DefaultSecurityFilterChain - Creating filter chain: OrRequestMatcher [requestMatchers=[Ant [pattern='/'], Ant [pattern='/home'], Ant [pattern='/doLogin'], Ant [pattern='/logout'], Ant [pattern='/oauth/authorize']]], [org.springframework.security.web.context.request.async.WebAsyncManagerIntegrationFilter@35e74e08, org.springframework.security.web.context.SecurityContextPersistenceFilter@3ace6346, org.springframework.security.web.header.HeaderWriterFilter@27ffd9f8, org.springframework.security.web.authentication.logout.LogoutFilter@10a907ec, org.springframework.security.web.authentication.UsernamePasswordAuthenticationFilter@33d230ce, org.springframework.security.web.savedrequest.RequestCacheAwareFilter@4e48462d, org.springframework.security.web.servletapi.SecurityContextHolderAwareRequestFilter@17216605, org.springframework.security.web.authentication.AnonymousAuthenticationFilter@a316f6b, org.springframework.security.web.session.SessionManagementFilter@642c6461, org.springframework.security.web.access.ExceptionTranslationFilter@7af1d072, org.springframework.security.web.access.intercept.FilterSecurityInterceptor@70b33256] 
13:03:22.142 [main] INFO  o.s.w.s.h.SimpleUrlHandlerMapping - Mapped URL path [/**/favicon.ico] onto handler of type [class org.springframework.web.servlet.resource.ResourceHttpRequestHandler] 
13:03:22.489 [main] INFO  o.s.w.s.m.m.a.RequestMappingHandlerAdapter - Looking for @ControllerAdvice: org.springframework.boot.web.servlet.context.AnnotationConfigServletWebServerApplicationContext@478ee483: startup date [Sat Jul 28 13:03:15 CST 2018]; root of context hierarchy 
13:03:22.578 [main] INFO  o.s.w.s.m.m.a.RequestMappingHandlerMapping - Mapped "{[/user || /me]}" onto public java.lang.Object com.jacky.strive.oauth2.controller.TokenController.user(java.security.Principal) 
13:03:22.582 [main] INFO  o.s.w.s.m.m.a.RequestMappingHandlerMapping - Mapped "{[/github/token]}" onto public java.lang.String com.jacky.strive.oauth2.controller.TokenController.GetGitHubToken(java.lang.String,java.lang.String,java.lang.String) 
13:03:22.582 [main] INFO  o.s.w.s.m.m.a.RequestMappingHandlerMapping - Mapped "{[/proxy]}" onto public java.lang.String com.jacky.strive.oauth2.controller.TokenController.Proxy(java.lang.String) 
13:03:22.583 [main] INFO  o.s.w.s.m.m.a.RequestMappingHandlerMapping - Mapped "{[/home]}" onto public java.lang.String com.jacky.strive.oauth2.controller.WebController.index(java.security.Principal,org.springframework.ui.Model) 
13:03:22.583 [main] INFO  o.s.w.s.m.m.a.RequestMappingHandlerMapping - Mapped "{[/]}" onto public java.lang.String com.jacky.strive.oauth2.controller.WebController.home() 
13:03:22.583 [main] INFO  o.s.w.s.m.m.a.RequestMappingHandlerMapping - Mapped "{[/login]}" onto public java.lang.String com.jacky.strive.oauth2.controller.WebController.login() 
13:03:22.589 [main] INFO  o.s.w.s.m.m.a.RequestMappingHandlerMapping - Mapped "{[/error]}" onto public org.springframework.http.ResponseEntity<java.util.Map<java.lang.String, java.lang.Object>> org.springframework.boot.autoconfigure.web.servlet.error.BasicErrorController.error(javax.servlet.http.HttpServletRequest) 
13:03:22.589 [main] INFO  o.s.w.s.m.m.a.RequestMappingHandlerMapping - Mapped "{[/error],produces=[text/html]}" onto public org.springframework.web.servlet.ModelAndView org.springframework.boot.autoconfigure.web.servlet.error.BasicErrorController.errorHtml(javax.servlet.http.HttpServletRequest,javax.servlet.http.HttpServletResponse) 
13:03:22.635 [main] INFO  o.s.w.s.h.SimpleUrlHandlerMapping - Mapped URL path [/webjars/**] onto handler of type [class org.springframework.web.servlet.resource.ResourceHttpRequestHandler] 
13:03:22.635 [main] INFO  o.s.w.s.h.SimpleUrlHandlerMapping - Mapped URL path [/**] onto handler of type [class org.springframework.web.servlet.resource.ResourceHttpRequestHandler] 
13:03:23.843 [main] INFO  o.s.j.e.a.AnnotationMBeanExporter - Registering beans for JMX exposure on startup 
13:03:23.844 [main] INFO  o.s.j.e.a.AnnotationMBeanExporter - Bean with name 'getDataSource' has been autodetected for JMX exposure 
13:03:23.845 [main] INFO  o.s.j.e.a.AnnotationMBeanExporter - Bean with name 'striveDataSource' has been autodetected for JMX exposure 
13:03:23.860 [main] INFO  o.s.j.e.a.AnnotationMBeanExporter - Located MBean 'getDataSource': registering with JMX server as MBean [com.alibaba.druid.pool:name=getDataSource,type=DruidDataSource] 
13:03:23.866 [main] INFO  o.s.j.e.a.AnnotationMBeanExporter - Located MBean 'striveDataSource': registering with JMX server as MBean [com.alibaba.druid.pool:name=striveDataSource,type=DruidDataSource] 
13:03:23.960 [main] INFO  o.s.b.w.e.tomcat.TomcatWebServer - Tomcat started on port(s): 8088 (http) with context path '/admin' 
13:03:23.969 [main] INFO  c.j.strive.oauth2.Oauth2Application - Started Oauth2Application in 9.727 seconds (JVM running for 11.454) 
13:03:29.028 [http-nio-8088-exec-1] INFO  o.a.c.c.C.[.[localhost].[/admin] - Initializing Spring FrameworkServlet 'dispatcherServlet' 
13:03:29.028 [http-nio-8088-exec-1] INFO  o.s.web.servlet.DispatcherServlet - FrameworkServlet 'dispatcherServlet': initialization started 
13:03:29.054 [http-nio-8088-exec-1] INFO  o.s.web.servlet.DispatcherServlet - FrameworkServlet 'dispatcherServlet': initialization completed in 26 ms 
13:03:29.136 [http-nio-8088-exec-1] INFO  c.a.druid.pool.DruidDataSource - {dataSource-1} inited 
13:04:09.441 [http-nio-8088-exec-1] INFO  c.a.druid.pool.DruidDataSource - {dataSource-2} inited 
13:04:24.862 [http-nio-8088-exec-1] INFO  c.j.s.o.config.CustomUserService - invalid principal! 
13:04:24.867 [http-nio-8088-exec-1] INFO  c.j.s.o.config.WebSecurityConfig - invalid password! 
13:04:24.874 [http-nio-8088-exec-1] INFO  o.s.s.o.p.endpoint.TokenEndpoint - Handling error: InvalidGrantException, invalid password! 
13:04:44.994 [http-nio-8088-exec-2] INFO  c.j.s.o.config.CustomUserService - invalid principal! 
13:04:44.995 [http-nio-8088-exec-2] INFO  c.j.s.o.config.WebSecurityConfig - invalid password! 
13:04:44.996 [http-nio-8088-exec-2] INFO  o.s.s.o.p.endpoint.TokenEndpoint - Handling error: InvalidGrantException, invalid password! 
13:04:45.069 [Thread-24] INFO  o.s.b.w.s.c.AnnotationConfigServletWebServerApplicationContext - Closing org.springframework.boot.web.servlet.context.AnnotationConfigServletWebServerApplicationContext@478ee483: startup date [Sat Jul 28 13:03:15 CST 2018]; root of context hierarchy 
13:04:45.108 [Thread-24] INFO  o.s.j.e.a.AnnotationMBeanExporter - Unregistering JMX-exposed beans on shutdown 
13:04:45.109 [Thread-24] INFO  o.s.j.e.a.AnnotationMBeanExporter - Unregistering JMX-exposed beans 
13:04:45.113 [Thread-24] INFO  c.a.druid.pool.DruidDataSource - {dataSource-1} closed 
13:04:45.120 [Thread-24] INFO  c.a.druid.pool.DruidDataSource - {dataSource-2} closed 
